<!DOCTYPE html>
<html lang="en">
  <head>
    <meta charset="utf-8"/>
    <meta name="viewport" content="width=device-width, initial-scale=1, shrink-to-fit=no"/>
    <link rel="stylesheet" href="res/bootstrap.min.css" type="text/css"/>
    <link rel="stylesheet" href="res/karate-report.css" type="text/css"/>
    <link rel="shortcut icon" href="favicon.ico"/>
    <script type="text/javascript" src="res/jquery.min.js"></script>
    <script type="text/javascript" src="res/jquery.tablesorter.min.js"></script>
    <script type="text/javascript" src="res/jquery-ui.min.js"></script>
    <script type="text/javascript" src="res/bootstrap.min.js"></script>
    <script type="text/javascript" src="res/karate-report.js"></script>
    <script type="text/javascript" src="res/Resemble.js"></script>
    <script>
!function(t,e){var o,n,p,r;e.__SV||(window.posthog=e,e._i=[],e.init=function(i,s,a){function g(t,e){var o=e.split(".");2==o.length&&(t=t[o[0]],e=o[1]),t[e]=function(){t.push([e].concat(Array.prototype.slice.call(arguments,0)))}}(p=t.createElement("script")).type="text/javascript",p.async=!0,p.src=s.api_host+"/static/array.js",(r=t.getElementsByTagName("script")[0]).parentNode.insertBefore(p,r);var u=e;for(void 0!==a?u=e[a]=[]:a="posthog",u.people=u.people||[],u.toString=function(t){var e="posthog";return"posthog"!==a&&(e+="."+a),t||(e+=" (stub)"),e},u.people.toString=function(){return u.toString(1)+".people (stub)"},o="capture identify alias people.set people.set_once set_config register register_once unregister opt_out_capturing has_opted_out_capturing opt_in_capturing reset isFeatureEnabled onFeatureFlags".split(" "),n=0;n<o.length;n++)g(u,o[n]);e._i.push([i,s,a])},e.__SV=1)}(document,window.posthog||[]);
posthog.init('phc_M6fKk3dSX9HjglkqPSybauGas45NINb7EgsPGU8N9g1',{
  api_host:'https://app.posthog.com',
  persistence:'localStorage',
  autocapture:false,
  capture_pageview:false,
  api_transport:'sendBeacon',
  loaded: function(posthog) { 
    posthog.capture("report_feature",{distinct_id:"f6e75ccb-0c0a-44ba-aa11-f3a8fb33e552",karate_version:"1.4.1",karate_meta:null});
  }
});
</script>

    <title>src.test.java.com.bootexample4.api_tests.SwaggerJson.test_get</title>
  </head>
  <body>
    <div id="root-container">
      <div id="leftnav">
        
        <div>
  <div class="nav-logo">
    <a href="https://karatelabs.io">
      <img src="karate-labs-logo-ring.svg" alt="Karate Labs"/>
    </a>
    <div class="nav-count">
      <div id="nav-pass" class="bg-success">0</div>
      <div id="nav-fail" class="bg-danger">5</div>
    </div>
  </div>
  <div id="nav-env">
    <div></div>
  </div>
  <div id="nav-type">
    <div>Scenarios</div>
  </div>
  <div id="nav-date">
    <div>2024-09-02 11:17:58 AM</div>
  </div>
</div>

        <div class="nav-container">
          <div class="nav-item failed">
            <a href="#[1.1:30]"><span>[1.1:30]</span> <span>Get all tests with various parameters</span></a>
          </div>
          <div class="nav-item failed">
            <a href="#[1.2:30]"><span>[1.2:30]</span> <span>Get all tests with various parameters</span></a>
          </div>
          <div class="nav-item failed">
            <a href="#[2:32]"><span>[2:32]</span> <span>Get all tests with invalid parameters</span></a>
          </div>
          <div class="nav-item failed">
            <a href="#[3:52]"><span>[3:52]</span> <span>Get all tests without required parameters</span></a>
          </div>
          <div class="nav-item failed">
            <a href="#[4:68]"><span>[4:68]</span> <span>Get all tests with unauthorized access</span></a>
          </div>
        </div>
      </div>
      <div id="content">
        <div class="page-heading alert alert-primary">
          <a href="karate-summary.html">Summary</a><span class="feature-label">|</span>
          <a href="karate-tags.html">Tags</a><span class="feature-label">|</span>
          <span class="feature-label">Feature:</span>
          <span class="feature-path">src/test/java/com/bootexample4/api_tests/SwaggerJson/test_get.feature</span><span class="feature-label">|</span>
          <span class="feature-name">Test RoostGPT API Endpoint</span>
          <span class="feature-description"></span>
        </div>
        <div class="scenario">
          <div class="scenario-heading" id="[1.1:30]">
            <div class="heading-container">
              <div class="scenario-tags">
                
              </div>
              <div class="scenario-keyword">
                Scenario: <span>[1.1:30]</span>
                <span class="scenario-name">Get all tests with various parameters</span>
                <span></span>
              </div>
            </div>
            <div class="scenario-time failed">
              <span>ms:</span>&nbsp;<span>3</span>
            </div>
          </div>
          <div class="step-row">
            <div class="step-container" id="[1.1:30]bg">
              <div class="step-ref bg-step">&gt;&gt;</div>
              <div class="step-cell passed">Background:</div>
            </div>
            <div class="time-cell passed"></div>
          </div>
          <div data-parent="[1.1:30]bg"><div>
  

  

  <div class="step-row">
    <div class="step-container" id="1.14">
      <div class="step-ref bg-step">14</div>
      
      <div class="step-cell passed">
        <span>*</span>&nbsp;<span>def urlBase = karate.properties[&#39;url.base&#39;] || karate.get(&#39;urlBase&#39;, &#39;http://localhost:4010&#39;)</span>
      </div>
    </div>
    <div class="time-cell passed">0</div>
  </div>

   
  
  

  

     

  

</div>
</div>
          <div data-parent="[1.1:30]bg"><div>
  

  

  <div class="step-row">
    <div class="step-container" id="1.15">
      <div class="step-ref bg-step">15</div>
      
      <div class="step-cell passed">
        <span>*</span>&nbsp;<span>url urlBase</span>
      </div>
    </div>
    <div class="time-cell passed">0</div>
  </div>

   
  
  

  

     

  

</div>
</div>
          <div data-parent="[1.1:30]bg"><div>
  

  

  <div class="step-row">
    <div class="step-container" id="1.16">
      <div class="step-ref bg-step">16</div>
      
      <div class="step-cell passed">
        <span>*</span>&nbsp;<span>def authToken = karate.properties[&#39;AUTH_TOKEN&#39;]</span>
      </div>
    </div>
    <div class="time-cell passed">0</div>
  </div>

   
  
  

  

     

  

</div>
</div>
          <div><div>
  

  

  <div class="step-row">
    <div class="step-container" id="1.19">
      <div class="step-ref passed">19</div>
      
      <div class="step-cell passed">
        <span>Given</span>&nbsp;<span>path &#39;/test&#39;</span>
      </div>
    </div>
    <div class="time-cell passed">0</div>
  </div>

   
  
  

  

     

  

</div>
</div>
          <div><div>
  

  

  <div class="step-row">
    <div class="step-container" id="1.20">
      <div class="step-ref passed">20</div>
      
      <div class="step-cell passed">
        <span>And</span>&nbsp;<span>param get_for_all = &#39;true&#39;</span>
      </div>
    </div>
    <div class="time-cell passed">0</div>
  </div>

   
  
  

  

     

  

</div>
</div>
          <div><div>
  

  

  <div class="step-row">
    <div class="step-container" id="1.21">
      <div class="step-ref passed">21</div>
      
      <div class="step-cell passed">
        <span>And</span>&nbsp;<span>param searchTerm = &#39;abc&#39;</span>
      </div>
    </div>
    <div class="time-cell passed">0</div>
  </div>

   
  
  

  

     

  

</div>
</div>
          <div><div>
  

  

  <div class="step-row">
    <div class="step-container" id="1.22">
      <div class="step-ref passed">22</div>
      
      <div class="step-cell passed">
        <span>And</span>&nbsp;<span>param take = &#39;10&#39;</span>
      </div>
    </div>
    <div class="time-cell passed">0</div>
  </div>

   
  
  

  

     

  

</div>
</div>
          <div><div>
  

  

  <div class="step-row">
    <div class="step-container" id="1.23">
      <div class="step-ref passed">23</div>
      
      <div class="step-cell passed">
        <span>And</span>&nbsp;<span>param skip = &#39;0&#39;</span>
      </div>
    </div>
    <div class="time-cell passed">0</div>
  </div>

   
  
  

  

     

  

</div>
</div>
          <div><div>
  

  

  <div class="step-row">
    <div class="step-container" id="1.24">
      <div class="step-ref passed">24</div>
      
      <div class="step-cell passed">
        <span>And</span>&nbsp;<span>param label_filter = [&#39;label1&#39;]</span>
      </div>
    </div>
    <div class="time-cell passed">0</div>
  </div>

   
  
  

  

     

  

</div>
</div>
          <div><div>
  

  

  <div class="step-row">
    <div class="step-container" id="1.25">
      <div class="step-ref passed">25</div>
      
      <div class="step-cell passed">
        <span>And</span>&nbsp;<span>header Authorization = &#39;Bearer &#39; + authToken</span>
      </div>
    </div>
    <div class="time-cell passed">0</div>
  </div>

   
  
  

  

     

  

</div>
</div>
          <div><div>
  

  

  <div class="step-row">
    <div class="step-container" id="1.26">
      <div class="step-ref failed">26</div>
      
      <div class="step-cell failed">
        <span>When</span>&nbsp;<span>method GET</span>
      </div>
    </div>
    <div class="time-cell failed">1</div>
  </div>

   
  
  

  

  <div class="preformatted" data-parent="1.26">11:17:58.340 org.apache.http.ProtocolException: Target host is not specified, http call failed after 1 milliseconds for url: /dummy_url.base/test?take=10&amp;searchTerm=abc&amp;get_for_all=true&amp;skip=0&amp;label_filter=label1
11:17:58.340 src/test/java/com/bootexample4/api_tests/SwaggerJson/test_get.feature:26
When method GET
http call failed after 1 milliseconds for url: /dummy_url.base/test?take=10&amp;searchTerm=abc&amp;get_for_all=true&amp;skip=0&amp;label_filter=label1
org.apache.http.ProtocolException: Target host is not specified
src/test/java/com/bootexample4/api_tests/SwaggerJson/test_get.feature:26
</div>   

  

</div>
</div>
          <div><div>
  

  

  <div class="step-row">
    <div class="step-container" id="1.27">
      <div class="step-ref skipped">27</div>
      
      <div class="step-cell skipped">
        <span>Then</span>&nbsp;<span>status 200</span>
      </div>
    </div>
    <div class="time-cell skipped">0</div>
  </div>

   
  
  

  

     

  

</div>
</div>
        </div>
        <div class="scenario">
          <div class="scenario-heading" id="[1.2:30]">
            <div class="heading-container">
              <div class="scenario-tags">
                
              </div>
              <div class="scenario-keyword">
                Scenario: <span>[1.2:30]</span>
                <span class="scenario-name">Get all tests with various parameters</span>
                <span></span>
              </div>
            </div>
            <div class="scenario-time failed">
              <span>ms:</span>&nbsp;<span>2</span>
            </div>
          </div>
          <div class="step-row">
            <div class="step-container" id="[1.2:30]bg">
              <div class="step-ref bg-step">&gt;&gt;</div>
              <div class="step-cell passed">Background:</div>
            </div>
            <div class="time-cell passed"></div>
          </div>
          <div data-parent="[1.2:30]bg"><div>
  

  

  <div class="step-row">
    <div class="step-container" id="2.14">
      <div class="step-ref bg-step">14</div>
      
      <div class="step-cell passed">
        <span>*</span>&nbsp;<span>def urlBase = karate.properties[&#39;url.base&#39;] || karate.get(&#39;urlBase&#39;, &#39;http://localhost:4010&#39;)</span>
      </div>
    </div>
    <div class="time-cell passed">0</div>
  </div>

   
  
  

  

     

  

</div>
</div>
          <div data-parent="[1.2:30]bg"><div>
  

  

  <div class="step-row">
    <div class="step-container" id="2.15">
      <div class="step-ref bg-step">15</div>
      
      <div class="step-cell passed">
        <span>*</span>&nbsp;<span>url urlBase</span>
      </div>
    </div>
    <div class="time-cell passed">0</div>
  </div>

   
  
  

  

     

  

</div>
</div>
          <div data-parent="[1.2:30]bg"><div>
  

  

  <div class="step-row">
    <div class="step-container" id="2.16">
      <div class="step-ref bg-step">16</div>
      
      <div class="step-cell passed">
        <span>*</span>&nbsp;<span>def authToken = karate.properties[&#39;AUTH_TOKEN&#39;]</span>
      </div>
    </div>
    <div class="time-cell passed">0</div>
  </div>

   
  
  

  

     

  

</div>
</div>
          <div><div>
  

  

  <div class="step-row">
    <div class="step-container" id="2.19">
      <div class="step-ref passed">19</div>
      
      <div class="step-cell passed">
        <span>Given</span>&nbsp;<span>path &#39;/test&#39;</span>
      </div>
    </div>
    <div class="time-cell passed">0</div>
  </div>

   
  
  

  

     

  

</div>
</div>
          <div><div>
  

  

  <div class="step-row">
    <div class="step-container" id="2.20">
      <div class="step-ref passed">20</div>
      
      <div class="step-cell passed">
        <span>And</span>&nbsp;<span>param get_for_all = &#39;false&#39;</span>
      </div>
    </div>
    <div class="time-cell passed">0</div>
  </div>

   
  
  

  

     

  

</div>
</div>
          <div><div>
  

  

  <div class="step-row">
    <div class="step-container" id="2.21">
      <div class="step-ref passed">21</div>
      
      <div class="step-cell passed">
        <span>And</span>&nbsp;<span>param searchTerm = &#39;def&#39;</span>
      </div>
    </div>
    <div class="time-cell passed">0</div>
  </div>

   
  
  

  

     

  

</div>
</div>
          <div><div>
  

  

  <div class="step-row">
    <div class="step-container" id="2.22">
      <div class="step-ref passed">22</div>
      
      <div class="step-cell passed">
        <span>And</span>&nbsp;<span>param take = &#39;20&#39;</span>
      </div>
    </div>
    <div class="time-cell passed">0</div>
  </div>

   
  
  

  

     

  

</div>
</div>
          <div><div>
  

  

  <div class="step-row">
    <div class="step-container" id="2.23">
      <div class="step-ref passed">23</div>
      
      <div class="step-cell passed">
        <span>And</span>&nbsp;<span>param skip = &#39;5&#39;</span>
      </div>
    </div>
    <div class="time-cell passed">0</div>
  </div>

   
  
  

  

     

  

</div>
</div>
          <div><div>
  

  

  <div class="step-row">
    <div class="step-container" id="2.24">
      <div class="step-ref passed">24</div>
      
      <div class="step-cell passed">
        <span>And</span>&nbsp;<span>param label_filter = [&#39;label2&#39;,&#39;label3&#39;]</span>
      </div>
    </div>
    <div class="time-cell passed">0</div>
  </div>

   
  
  

  

     

  

</div>
</div>
          <div><div>
  

  

  <div class="step-row">
    <div class="step-container" id="2.25">
      <div class="step-ref passed">25</div>
      
      <div class="step-cell passed">
        <span>And</span>&nbsp;<span>header Authorization = &#39;Bearer &#39; + authToken</span>
      </div>
    </div>
    <div class="time-cell passed">0</div>
  </div>

   
  
  

  

     

  

</div>
</div>
          <div><div>
  

  

  <div class="step-row">
    <div class="step-container" id="2.26">
      <div class="step-ref failed">26</div>
      
      <div class="step-cell failed">
        <span>When</span>&nbsp;<span>method GET</span>
      </div>
    </div>
    <div class="time-cell failed">1</div>
  </div>

   
  
  

  

  <div class="preformatted" data-parent="2.26">11:17:58.345 org.apache.http.ProtocolException: Target host is not specified, http call failed after 1 milliseconds for url: /dummy_url.base/test?take=20&amp;searchTerm=def&amp;get_for_all=false&amp;skip=5&amp;label_filter=label2&amp;label_filter=label3
11:17:58.345 src/test/java/com/bootexample4/api_tests/SwaggerJson/test_get.feature:26
When method GET
http call failed after 1 milliseconds for url: /dummy_url.base/test?take=20&amp;searchTerm=def&amp;get_for_all=false&amp;skip=5&amp;label_filter=label2&amp;label_filter=label3
org.apache.http.ProtocolException: Target host is not specified
src/test/java/com/bootexample4/api_tests/SwaggerJson/test_get.feature:26
</div>   

  

</div>
</div>
          <div><div>
  

  

  <div class="step-row">
    <div class="step-container" id="2.27">
      <div class="step-ref skipped">27</div>
      
      <div class="step-cell skipped">
        <span>Then</span>&nbsp;<span>status 200</span>
      </div>
    </div>
    <div class="time-cell skipped">0</div>
  </div>

   
  
  

  

     

  

</div>
</div>
        </div>
        <div class="scenario">
          <div class="scenario-heading" id="[2:32]">
            <div class="heading-container">
              <div class="scenario-tags">
                
              </div>
              <div class="scenario-keyword">
                Scenario: <span>[2:32]</span>
                <span class="scenario-name">Get all tests with invalid parameters</span>
                <span></span>
              </div>
            </div>
            <div class="scenario-time failed">
              <span>ms:</span>&nbsp;<span>3</span>
            </div>
          </div>
          <div class="step-row">
            <div class="step-container" id="[2:32]bg">
              <div class="step-ref bg-step">&gt;&gt;</div>
              <div class="step-cell passed">Background:</div>
            </div>
            <div class="time-cell passed"></div>
          </div>
          <div data-parent="[2:32]bg"><div>
  

  

  <div class="step-row">
    <div class="step-container" id="0.14">
      <div class="step-ref bg-step">14</div>
      
      <div class="step-cell passed">
        <span>*</span>&nbsp;<span>def urlBase = karate.properties[&#39;url.base&#39;] || karate.get(&#39;urlBase&#39;, &#39;http://localhost:4010&#39;)</span>
      </div>
    </div>
    <div class="time-cell passed">0</div>
  </div>

   
  
  

  

     

  

</div>
</div>
          <div data-parent="[2:32]bg"><div>
  

  

  <div class="step-row">
    <div class="step-container" id="0.15">
      <div class="step-ref bg-step">15</div>
      
      <div class="step-cell passed">
        <span>*</span>&nbsp;<span>url urlBase</span>
      </div>
    </div>
    <div class="time-cell passed">0</div>
  </div>

   
  
  

  

     

  

</div>
</div>
          <div data-parent="[2:32]bg"><div>
  

  

  <div class="step-row">
    <div class="step-container" id="0.16">
      <div class="step-ref bg-step">16</div>
      
      <div class="step-cell passed">
        <span>*</span>&nbsp;<span>def authToken = karate.properties[&#39;AUTH_TOKEN&#39;]</span>
      </div>
    </div>
    <div class="time-cell passed">0</div>
  </div>

   
  
  

  

     

  

</div>
</div>
          <div><div>
  

  

  <div class="step-row">
    <div class="step-container" id="0.33">
      <div class="step-ref passed">33</div>
      
      <div class="step-cell passed">
        <span>Given</span>&nbsp;<span>path &#39;/test&#39;</span>
      </div>
    </div>
    <div class="time-cell passed">0</div>
  </div>

   
  
  

  

     

  

</div>
</div>
          <div><div>
  

  

  <div class="step-row">
    <div class="step-container" id="0.34">
      <div class="step-ref passed">34</div>
      
      <div class="step-cell passed">
        <span>And</span>&nbsp;<span>param get_for_all = &#39;invalid&#39;</span>
      </div>
    </div>
    <div class="time-cell passed">0</div>
  </div>

   
  
  

  

     

  

</div>
</div>
          <div><div>
  

  

  <div class="step-row">
    <div class="step-container" id="0.35">
      <div class="step-ref passed">35</div>
      
      <div class="step-cell passed">
        <span>And</span>&nbsp;<span>param searchTerm = &#39;ab&#39;</span>
      </div>
    </div>
    <div class="time-cell passed">0</div>
  </div>

   
  
  

  

     

  

</div>
</div>
          <div><div>
  

  

  <div class="step-row">
    <div class="step-container" id="0.36">
      <div class="step-ref passed">36</div>
      
      <div class="step-cell passed">
        <span>And</span>&nbsp;<span>param take = &#39;invalid&#39;</span>
      </div>
    </div>
    <div class="time-cell passed">0</div>
  </div>

   
  
  

  

     

  

</div>
</div>
          <div><div>
  

  

  <div class="step-row">
    <div class="step-container" id="0.37">
      <div class="step-ref passed">37</div>
      
      <div class="step-cell passed">
        <span>And</span>&nbsp;<span>param skip = &#39;invalid&#39;</span>
      </div>
    </div>
    <div class="time-cell passed">0</div>
  </div>

   
  
  

  

     

  

</div>
</div>
          <div><div>
  

  

  <div class="step-row">
    <div class="step-container" id="0.38">
      <div class="step-ref passed">38</div>
      
      <div class="step-cell passed">
        <span>And</span>&nbsp;<span>header Authorization = &#39;Bearer &#39; + authToken</span>
      </div>
    </div>
    <div class="time-cell passed">0</div>
  </div>

   
  
  

  

     

  

</div>
</div>
          <div><div>
  

  

  <div class="step-row">
    <div class="step-container" id="0.39">
      <div class="step-ref failed">39</div>
      
      <div class="step-cell failed">
        <span>When</span>&nbsp;<span>method GET</span>
      </div>
    </div>
    <div class="time-cell failed">2</div>
  </div>

   
  
  

  

  <div class="preformatted" data-parent="0.39">11:17:58.350 org.apache.http.ProtocolException: Target host is not specified, http call failed after 2 milliseconds for url: /dummy_url.base/test?take=invalid&amp;searchTerm=ab&amp;get_for_all=invalid&amp;skip=invalid
11:17:58.350 src/test/java/com/bootexample4/api_tests/SwaggerJson/test_get.feature:39
When method GET
http call failed after 2 milliseconds for url: /dummy_url.base/test?take=invalid&amp;searchTerm=ab&amp;get_for_all=invalid&amp;skip=invalid
org.apache.http.ProtocolException: Target host is not specified
src/test/java/com/bootexample4/api_tests/SwaggerJson/test_get.feature:39
</div>   

  

</div>
</div>
          <div><div>
  

  

  <div class="step-row">
    <div class="step-container" id="0.40">
      <div class="step-ref skipped">40</div>
      
      <div class="step-cell skipped">
        <span>Then</span>&nbsp;<span>status 400</span>
      </div>
    </div>
    <div class="time-cell skipped">0</div>
  </div>

   
  
  

  

     

  

</div>
</div>
          <div><div>
  

  

  <div class="step-row">
    <div class="step-container" id="0.41">
      <div class="step-ref skipped">41</div>
      
      <div class="step-cell skipped">
        <span>And</span>&nbsp;<span>match response contains</span>
      </div>
    </div>
    <div class="time-cell skipped">0</div>
  </div>

   
  
  <div class="preformatted" data-parent="0.41">{
  code: &#39;#number&#39;,
  timestamp: &#39;#string&#39;,
  path: &#39;#string&#39;,
  method: &#39;#string&#39;,
  message: &#39;#string&#39;
}</div>

  

     

  

</div>
</div>
        </div>
        <div class="scenario">
          <div class="scenario-heading" id="[3:52]">
            <div class="heading-container">
              <div class="scenario-tags">
                
              </div>
              <div class="scenario-keyword">
                Scenario: <span>[3:52]</span>
                <span class="scenario-name">Get all tests without required parameters</span>
                <span></span>
              </div>
            </div>
            <div class="scenario-time failed">
              <span>ms:</span>&nbsp;<span>2</span>
            </div>
          </div>
          <div class="step-row">
            <div class="step-container" id="[3:52]bg">
              <div class="step-ref bg-step">&gt;&gt;</div>
              <div class="step-cell passed">Background:</div>
            </div>
            <div class="time-cell passed"></div>
          </div>
          <div data-parent="[3:52]bg"><div>
  

  

  <div class="step-row">
    <div class="step-container" id="0.14">
      <div class="step-ref bg-step">14</div>
      
      <div class="step-cell passed">
        <span>*</span>&nbsp;<span>def urlBase = karate.properties[&#39;url.base&#39;] || karate.get(&#39;urlBase&#39;, &#39;http://localhost:4010&#39;)</span>
      </div>
    </div>
    <div class="time-cell passed">0</div>
  </div>

   
  
  

  

     

  

</div>
</div>
          <div data-parent="[3:52]bg"><div>
  

  

  <div class="step-row">
    <div class="step-container" id="0.15">
      <div class="step-ref bg-step">15</div>
      
      <div class="step-cell passed">
        <span>*</span>&nbsp;<span>url urlBase</span>
      </div>
    </div>
    <div class="time-cell passed">0</div>
  </div>

   
  
  

  

     

  

</div>
</div>
          <div data-parent="[3:52]bg"><div>
  

  

  <div class="step-row">
    <div class="step-container" id="0.16">
      <div class="step-ref bg-step">16</div>
      
      <div class="step-cell passed">
        <span>*</span>&nbsp;<span>def authToken = karate.properties[&#39;AUTH_TOKEN&#39;]</span>
      </div>
    </div>
    <div class="time-cell passed">0</div>
  </div>

   
  
  

  

     

  

</div>
</div>
          <div><div>
  

  

  <div class="step-row">
    <div class="step-container" id="0.53">
      <div class="step-ref passed">53</div>
      
      <div class="step-cell passed">
        <span>Given</span>&nbsp;<span>path &#39;/test&#39;</span>
      </div>
    </div>
    <div class="time-cell passed">0</div>
  </div>

   
  
  

  

     

  

</div>
</div>
          <div><div>
  

  

  <div class="step-row">
    <div class="step-container" id="0.54">
      <div class="step-ref passed">54</div>
      
      <div class="step-cell passed">
        <span>And</span>&nbsp;<span>header Authorization = &#39;Bearer &#39; + authToken</span>
      </div>
    </div>
    <div class="time-cell passed">0</div>
  </div>

   
  
  

  

     

  

</div>
</div>
          <div><div>
  

  

  <div class="step-row">
    <div class="step-container" id="0.55">
      <div class="step-ref failed">55</div>
      
      <div class="step-cell failed">
        <span>When</span>&nbsp;<span>method GET</span>
      </div>
    </div>
    <div class="time-cell failed">2</div>
  </div>

   
  
  

  

  <div class="preformatted" data-parent="0.55">11:17:58.353 org.apache.http.ProtocolException: Target host is not specified, http call failed after 1 milliseconds for url: /dummy_url.base/test
11:17:58.354 src/test/java/com/bootexample4/api_tests/SwaggerJson/test_get.feature:55
When method GET
http call failed after 1 milliseconds for url: /dummy_url.base/test
org.apache.http.ProtocolException: Target host is not specified
src/test/java/com/bootexample4/api_tests/SwaggerJson/test_get.feature:55
</div>   

  

</div>
</div>
          <div><div>
  

  

  <div class="step-row">
    <div class="step-container" id="0.56">
      <div class="step-ref skipped">56</div>
      
      <div class="step-cell skipped">
        <span>Then</span>&nbsp;<span>status 400</span>
      </div>
    </div>
    <div class="time-cell skipped">0</div>
  </div>

   
  
  

  

     

  

</div>
</div>
          <div><div>
  

  

  <div class="step-row">
    <div class="step-container" id="0.57">
      <div class="step-ref skipped">57</div>
      
      <div class="step-cell skipped">
        <span>And</span>&nbsp;<span>match response contains</span>
      </div>
    </div>
    <div class="time-cell skipped">0</div>
  </div>

   
  
  <div class="preformatted" data-parent="0.57">{
  code: &#39;#number&#39;,
  timestamp: &#39;#string&#39;,
  path: &#39;#string&#39;,
  method: &#39;#string&#39;,
  message: &#39;#string&#39;
}</div>

  

     

  

</div>
</div>
        </div>
        <div class="scenario">
          <div class="scenario-heading" id="[4:68]">
            <div class="heading-container">
              <div class="scenario-tags">
                
              </div>
              <div class="scenario-keyword">
                Scenario: <span>[4:68]</span>
                <span class="scenario-name">Get all tests with unauthorized access</span>
                <span></span>
              </div>
            </div>
            <div class="scenario-time failed">
              <span>ms:</span>&nbsp;<span>2</span>
            </div>
          </div>
          <div class="step-row">
            <div class="step-container" id="[4:68]bg">
              <div class="step-ref bg-step">&gt;&gt;</div>
              <div class="step-cell passed">Background:</div>
            </div>
            <div class="time-cell passed"></div>
          </div>
          <div data-parent="[4:68]bg"><div>
  

  

  <div class="step-row">
    <div class="step-container" id="0.14">
      <div class="step-ref bg-step">14</div>
      
      <div class="step-cell passed">
        <span>*</span>&nbsp;<span>def urlBase = karate.properties[&#39;url.base&#39;] || karate.get(&#39;urlBase&#39;, &#39;http://localhost:4010&#39;)</span>
      </div>
    </div>
    <div class="time-cell passed">0</div>
  </div>

   
  
  

  

     

  

</div>
</div>
          <div data-parent="[4:68]bg"><div>
  

  

  <div class="step-row">
    <div class="step-container" id="0.15">
      <div class="step-ref bg-step">15</div>
      
      <div class="step-cell passed">
        <span>*</span>&nbsp;<span>url urlBase</span>
      </div>
    </div>
    <div class="time-cell passed">0</div>
  </div>

   
  
  

  

     

  

</div>
</div>
          <div data-parent="[4:68]bg"><div>
  

  

  <div class="step-row">
    <div class="step-container" id="0.16">
      <div class="step-ref bg-step">16</div>
      
      <div class="step-cell passed">
        <span>*</span>&nbsp;<span>def authToken = karate.properties[&#39;AUTH_TOKEN&#39;]</span>
      </div>
    </div>
    <div class="time-cell passed">0</div>
  </div>

   
  
  

  

     

  

</div>
</div>
          <div><div>
  

  

  <div class="step-row">
    <div class="step-container" id="0.69">
      <div class="step-ref passed">69</div>
      
      <div class="step-cell passed">
        <span>Given</span>&nbsp;<span>path &#39;/test&#39;</span>
      </div>
    </div>
    <div class="time-cell passed">0</div>
  </div>

   
  
  

  

     

  

</div>
</div>
          <div><div>
  

  

  <div class="step-row">
    <div class="step-container" id="0.70">
      <div class="step-ref passed">70</div>
      
      <div class="step-cell passed">
        <span>And</span>&nbsp;<span>param get_for_all = &#39;true&#39;</span>
      </div>
    </div>
    <div class="time-cell passed">0</div>
  </div>

   
  
  

  

     

  

</div>
</div>
          <div><div>
  

  

  <div class="step-row">
    <div class="step-container" id="0.71">
      <div class="step-ref passed">71</div>
      
      <div class="step-cell passed">
        <span>And</span>&nbsp;<span>param searchTerm = &#39;abc&#39;</span>
      </div>
    </div>
    <div class="time-cell passed">0</div>
  </div>

   
  
  

  

     

  

</div>
</div>
          <div><div>
  

  

  <div class="step-row">
    <div class="step-container" id="0.72">
      <div class="step-ref passed">72</div>
      
      <div class="step-cell passed">
        <span>And</span>&nbsp;<span>param take = &#39;10&#39;</span>
      </div>
    </div>
    <div class="time-cell passed">0</div>
  </div>

   
  
  

  

     

  

</div>
</div>
          <div><div>
  

  

  <div class="step-row">
    <div class="step-container" id="0.73">
      <div class="step-ref passed">73</div>
      
      <div class="step-cell passed">
        <span>And</span>&nbsp;<span>param skip = &#39;0&#39;</span>
      </div>
    </div>
    <div class="time-cell passed">0</div>
  </div>

   
  
  

  

     

  

</div>
</div>
          <div><div>
  

  

  <div class="step-row">
    <div class="step-container" id="0.74">
      <div class="step-ref failed">74</div>
      
      <div class="step-cell failed">
        <span>When</span>&nbsp;<span>method GET</span>
      </div>
    </div>
    <div class="time-cell failed">2</div>
  </div>

   
  
  

  

  <div class="preformatted" data-parent="0.74">11:17:58.359 org.apache.http.ProtocolException: Target host is not specified, http call failed after 2 milliseconds for url: /dummy_url.base/test?take=10&amp;searchTerm=abc&amp;get_for_all=true&amp;skip=0
11:17:58.359 src/test/java/com/bootexample4/api_tests/SwaggerJson/test_get.feature:74
When method GET
http call failed after 2 milliseconds for url: /dummy_url.base/test?take=10&amp;searchTerm=abc&amp;get_for_all=true&amp;skip=0
org.apache.http.ProtocolException: Target host is not specified
src/test/java/com/bootexample4/api_tests/SwaggerJson/test_get.feature:74
</div>   

  

</div>
</div>
          <div><div>
  

  

  <div class="step-row">
    <div class="step-container" id="0.75">
      <div class="step-ref skipped">75</div>
      
      <div class="step-cell skipped">
        <span>Then</span>&nbsp;<span>status 401</span>
      </div>
    </div>
    <div class="time-cell skipped">0</div>
  </div>

   
  
  

  

     

  

</div>
</div>
          <div><div>
  

  

  <div class="step-row">
    <div class="step-container" id="0.76">
      <div class="step-ref skipped">76</div>
      
      <div class="step-cell skipped">
        <span>And</span>&nbsp;<span>match response contains</span>
      </div>
    </div>
    <div class="time-cell skipped">0</div>
  </div>

   
  
  <div class="preformatted" data-parent="0.76">{
  code: &#39;#number&#39;,
  timestamp: &#39;#string&#39;,
  path: &#39;#string&#39;,
  method: &#39;#string&#39;,
  message: &#39;#string&#39;
}</div>

  

     

  

</div>
</div>
        </div>
      </div>
    </div>
  </body>
</html>

