{"failedCount":4,"prefixedPath":"src\/test\/java\/com\/bootexample4\/api_tests\/SwaggerJson\/test_event_trigger_id_execute_post.feature","packageQualifiedName":"src.test.java.com.bootexample4.api_tests.SwaggerJson.test_event_trigger_id_execute_post","loopIndex":-1,"relativePath":"src\/test\/java\/com\/bootexample4\/api_tests\/SwaggerJson\/test_event_trigger_id_execute_post.feature","scenarioResults":[{"sectionIndex":0,"stepResults":[{"result":{"nanos":282334,"startTime":1725256078255,"endTime":1725256078255,"millis":0.282334,"status":"passed"},"step":{"background":true,"line":14,"prefix":"*","index":0,"text":"def urlBase = karate.properties['url.base'] || karate.get('urlBase', 'http:\/\/localhost:4010')"}},{"result":{"nanos":43299,"startTime":1725256078256,"endTime":1725256078256,"millis":0.043299,"status":"passed"},"step":{"background":true,"line":15,"prefix":"*","index":1,"text":"url urlBase"}},{"result":{"nanos":167826,"startTime":1725256078256,"endTime":1725256078256,"millis":0.167826,"status":"passed"},"step":{"background":true,"line":16,"prefix":"*","index":2,"text":"def authToken = karate.properties['AUTH_TOKEN']"}},{"result":{"nanos":51317,"startTime":1725256078256,"endTime":1725256078256,"millis":0.051317,"status":"passed"},"step":{"background":true,"line":17,"prefix":"*","index":3,"text":"header Authorization = 'Bearer ' + authToken"}},{"result":{"nanos":420822,"startTime":1725256078256,"endTime":1725256078256,"millis":0.420822,"status":"passed"},"step":{"line":20,"prefix":"Given","index":0,"text":"path '\/test\/event', 'test123', 'execute'"}},{"result":{"nanos":567280,"startTime":1725256078256,"endTime":1725256078257,"millis":0.56728,"status":"passed"},"step":{"endLine":34,"line":21,"prefix":"And","docString":"{\n  \"target_url\": \"http:\/\/example.com\/api\",\n  \"file_path\": ['path1', 'path2'],\n  \"env_config\": [{file\":false,key\":KEY1\",value\":VALUE1\",type\":string\",secret\":false}],\n  \"arrival_rate\": 1,\n  \"duration\": 1,\n  \"test_framework\": \"jest\",\n  \"status_code\": 200,\n  \"csv_file_path\": \"data.csv\",\n  \"endpoint\": \"\/api\/endpoint1\"\n}","index":1,"text":"request"}},{"result":{"nanos":2862882,"errorMessage":"http call failed after 3 milliseconds for url: \/dummy_url.base\/test\/event\/test123\/execute\norg.apache.http.ProtocolException: Target host is not specified\nsrc\/test\/java\/com\/bootexample4\/api_tests\/SwaggerJson\/test_event_trigger_id_execute_post.feature:35","startTime":1725256078257,"endTime":1725256078260,"millis":2.862882,"status":"failed"},"step":{"line":35,"prefix":"When","index":2,"text":"method POST"},"stepLog":"11:17:58.260 org.apache.http.ProtocolException: Target host is not specified, http call failed after 3 milliseconds for url: \/dummy_url.base\/test\/event\/test123\/execute\n11:17:58.260 src\/test\/java\/com\/bootexample4\/api_tests\/SwaggerJson\/test_event_trigger_id_execute_post.feature:35\nWhen method POST\nhttp call failed after 3 milliseconds for url: \/dummy_url.base\/test\/event\/test123\/execute\norg.apache.http.ProtocolException: Target host is not specified\nsrc\/test\/java\/com\/bootexample4\/api_tests\/SwaggerJson\/test_event_trigger_id_execute_post.feature:35\n"},{"result":{"nanos":0,"startTime":1725256078260,"endTime":1725256078260,"millis":0.0,"status":"skipped"},"step":{"line":36,"prefix":"Then","index":3,"text":"status 201"}},{"result":{"nanos":0,"startTime":1725256078260,"endTime":1725256078260,"millis":0.0,"status":"skipped"},"step":{"line":37,"prefix":"And","index":4,"text":"match response == {}"}},{"result":{"nanos":0,"startTime":1725256078260,"endTime":1725256078260,"millis":0.0,"status":"skipped"},"step":{"line":38,"prefix":"And","index":5,"text":"match header Content-Type == 'application\/json'"}}],"line":41,"description":"","durationMillis":4.39576,"failed":true,"error":"http call failed after 3 milliseconds for url: \/dummy_url.base\/test\/event\/test123\/execute\norg.apache.http.ProtocolException: Target host is not specified\nsrc\/test\/java\/com\/bootexample4\/api_tests\/SwaggerJson\/test_event_trigger_id_execute_post.feature:35","executorName":"main","name":"Execute Test with various inputs","startTime":1725256078255,"refId":"[1.1:41]","endTime":1725256078260,"exampleData":{"trigger_id":"test123","target_url":"http:\/\/example.com\/api","file_path":"['path1', 'path2']","env_config":"[{file\":false,key\":KEY1\",value\":VALUE1\",type\":string\",secret\":false}]","arrival_rate":"1","duration":"1","test_framework":"jest","status_code":"200","csv_file_path":"data.csv","endpoint":"\/api\/endpoint1"},"exampleIndex":0},{"sectionIndex":0,"stepResults":[{"result":{"nanos":173785,"startTime":1725256078262,"endTime":1725256078262,"millis":0.173785,"status":"passed"},"step":{"background":true,"line":14,"prefix":"*","index":0,"text":"def urlBase = karate.properties['url.base'] || karate.get('urlBase', 'http:\/\/localhost:4010')"}},{"result":{"nanos":40659,"startTime":1725256078262,"endTime":1725256078262,"millis":0.040659,"status":"passed"},"step":{"background":true,"line":15,"prefix":"*","index":1,"text":"url urlBase"}},{"result":{"nanos":131822,"startTime":1725256078263,"endTime":1725256078263,"millis":0.131822,"status":"passed"},"step":{"background":true,"line":16,"prefix":"*","index":2,"text":"def authToken = karate.properties['AUTH_TOKEN']"}},{"result":{"nanos":48757,"startTime":1725256078263,"endTime":1725256078263,"millis":0.048757,"status":"passed"},"step":{"background":true,"line":17,"prefix":"*","index":3,"text":"header Authorization = 'Bearer ' + authToken"}},{"result":{"nanos":353497,"startTime":1725256078263,"endTime":1725256078263,"millis":0.353497,"status":"passed"},"step":{"line":20,"prefix":"Given","index":0,"text":"path '\/test\/event', 'test456', 'execute'"}},{"result":{"nanos":465192,"startTime":1725256078263,"endTime":1725256078263,"millis":0.465192,"status":"passed"},"step":{"endLine":34,"line":21,"prefix":"And","docString":"{\n  \"target_url\": \"https:\/\/api.example.org\",\n  \"file_path\": ['file1', 'file2'],\n  \"env_config\": [{file\":true,key\":KEY2\",value\":VALUE2\",file_details\":{file_name\":test.txt\",file_content\":Hello\"},type\":file\",secret\":true}],\n  \"arrival_rate\": 2,\n  \"duration\": 5,\n  \"test_framework\": \"mocha\",\n  \"status_code\": 201,\n  \"csv_file_path\": \"testdata.csv\",\n  \"endpoint\": \"\/api\/endpoint2\"\n}","index":1,"text":"request"}},{"result":{"nanos":2345987,"errorMessage":"http call failed after 2 milliseconds for url: \/dummy_url.base\/test\/event\/test456\/execute\norg.apache.http.ProtocolException: Target host is not specified\nsrc\/test\/java\/com\/bootexample4\/api_tests\/SwaggerJson\/test_event_trigger_id_execute_post.feature:35","startTime":1725256078264,"endTime":1725256078266,"millis":2.345987,"status":"failed"},"step":{"line":35,"prefix":"When","index":2,"text":"method POST"},"stepLog":"11:17:58.266 org.apache.http.ProtocolException: Target host is not specified, http call failed after 2 milliseconds for url: \/dummy_url.base\/test\/event\/test456\/execute\n11:17:58.266 src\/test\/java\/com\/bootexample4\/api_tests\/SwaggerJson\/test_event_trigger_id_execute_post.feature:35\nWhen method POST\nhttp call failed after 2 milliseconds for url: \/dummy_url.base\/test\/event\/test456\/execute\norg.apache.http.ProtocolException: Target host is not specified\nsrc\/test\/java\/com\/bootexample4\/api_tests\/SwaggerJson\/test_event_trigger_id_execute_post.feature:35\n"},{"result":{"nanos":0,"startTime":1725256078266,"endTime":1725256078266,"millis":0.0,"status":"skipped"},"step":{"line":36,"prefix":"Then","index":3,"text":"status 201"}},{"result":{"nanos":0,"startTime":1725256078267,"endTime":1725256078267,"millis":0.0,"status":"skipped"},"step":{"line":37,"prefix":"And","index":4,"text":"match response == {}"}},{"result":{"nanos":0,"startTime":1725256078267,"endTime":1725256078267,"millis":0.0,"status":"skipped"},"step":{"line":38,"prefix":"And","index":5,"text":"match header Content-Type == 'application\/json'"}}],"line":41,"description":"","durationMillis":3.559699,"failed":true,"error":"http call failed after 2 milliseconds for url: \/dummy_url.base\/test\/event\/test456\/execute\norg.apache.http.ProtocolException: Target host is not specified\nsrc\/test\/java\/com\/bootexample4\/api_tests\/SwaggerJson\/test_event_trigger_id_execute_post.feature:35","executorName":"main","name":"Execute Test with various inputs","startTime":1725256078262,"refId":"[1.2:41]","endTime":1725256078267,"exampleData":{"trigger_id":"test456","target_url":"https:\/\/api.example.org","file_path":"['file1', 'file2']","env_config":"[{file\":true,key\":KEY2\",value\":VALUE2\",file_details\":{file_name\":test.txt\",file_content\":Hello\"},type\":file\",secret\":true}]","arrival_rate":"2","duration":"5","test_framework":"mocha","status_code":"201","csv_file_path":"testdata.csv","endpoint":"\/api\/endpoint2"},"exampleIndex":1},{"sectionIndex":1,"stepResults":[{"result":{"nanos":370424,"startTime":1725256078269,"endTime":1725256078269,"millis":0.370424,"status":"passed"},"step":{"background":true,"line":14,"prefix":"*","index":0,"text":"def urlBase = karate.properties['url.base'] || karate.get('urlBase', 'http:\/\/localhost:4010')"}},{"result":{"nanos":45693,"startTime":1725256078269,"endTime":1725256078269,"millis":0.045693,"status":"passed"},"step":{"background":true,"line":15,"prefix":"*","index":1,"text":"url urlBase"}},{"result":{"nanos":115642,"startTime":1725256078269,"endTime":1725256078269,"millis":0.115642,"status":"passed"},"step":{"background":true,"line":16,"prefix":"*","index":2,"text":"def authToken = karate.properties['AUTH_TOKEN']"}},{"result":{"nanos":68601,"startTime":1725256078269,"endTime":1725256078269,"millis":0.068601,"status":"passed"},"step":{"background":true,"line":17,"prefix":"*","index":3,"text":"header Authorization = 'Bearer ' + authToken"}},{"result":{"nanos":293488,"startTime":1725256078269,"endTime":1725256078269,"millis":0.293488,"status":"passed"},"step":{"line":44,"prefix":"Given","index":0,"text":"path '\/test\/event', 'invalid_id', 'execute'"}},{"result":{"nanos":248560,"startTime":1725256078270,"endTime":1725256078270,"millis":0.24856,"status":"passed"},"step":{"endLine":51,"line":45,"prefix":"And","docString":"{\n  \"target_url\": \"http:\/\/example.com\/api\",\n  \"file_path\": [\"path1\"]\n}","index":1,"text":"request"}},{"result":{"nanos":1338288,"errorMessage":"http call failed after 1 milliseconds for url: \/dummy_url.base\/test\/event\/invalid_id\/execute\norg.apache.http.ProtocolException: Target host is not specified\nsrc\/test\/java\/com\/bootexample4\/api_tests\/SwaggerJson\/test_event_trigger_id_execute_post.feature:52","startTime":1725256078270,"endTime":1725256078271,"millis":1.338288,"status":"failed"},"step":{"line":52,"prefix":"When","index":2,"text":"method POST"},"stepLog":"11:17:58.271 org.apache.http.ProtocolException: Target host is not specified, http call failed after 1 milliseconds for url: \/dummy_url.base\/test\/event\/invalid_id\/execute\n11:17:58.271 src\/test\/java\/com\/bootexample4\/api_tests\/SwaggerJson\/test_event_trigger_id_execute_post.feature:52\nWhen method POST\nhttp call failed after 1 milliseconds for url: \/dummy_url.base\/test\/event\/invalid_id\/execute\norg.apache.http.ProtocolException: Target host is not specified\nsrc\/test\/java\/com\/bootexample4\/api_tests\/SwaggerJson\/test_event_trigger_id_execute_post.feature:52\n"},{"result":{"nanos":0,"startTime":1725256078271,"endTime":1725256078271,"millis":0.0,"status":"skipped"},"step":{"line":53,"prefix":"Then","index":3,"text":"status 404"}},{"result":{"nanos":0,"startTime":1725256078271,"endTime":1725256078271,"millis":0.0,"status":"skipped"},"step":{"endLine":63,"line":54,"prefix":"And","docString":"{\n  \"code\": 404,\n  \"timestamp\": \"#string\",\n  \"path\": \"\/application\/client\/git\/eaas\/trigger\",\n  \"method\": \"POST\",\n  \"message\": \"Not found\"\n}","index":4,"text":"match response contains"}},{"result":{"nanos":0,"startTime":1725256078271,"endTime":1725256078271,"millis":0.0,"status":"skipped"},"step":{"line":64,"prefix":"And","index":5,"text":"match header Content-Type == 'application\/json'"}}],"line":43,"description":"","durationMillis":2.480696,"failed":true,"error":"http call failed after 1 milliseconds for url: \/dummy_url.base\/test\/event\/invalid_id\/execute\norg.apache.http.ProtocolException: Target host is not specified\nsrc\/test\/java\/com\/bootexample4\/api_tests\/SwaggerJson\/test_event_trigger_id_execute_post.feature:52","executorName":"main","name":"Execute Test with invalid trigger_id","startTime":1725256078269,"refId":"[2:43]","endTime":1725256078271,"exampleIndex":-1},{"sectionIndex":2,"stepResults":[{"result":{"nanos":205051,"startTime":1725256078273,"endTime":1725256078273,"millis":0.205051,"status":"passed"},"step":{"background":true,"line":14,"prefix":"*","index":0,"text":"def urlBase = karate.properties['url.base'] || karate.get('urlBase', 'http:\/\/localhost:4010')"}},{"result":{"nanos":41814,"startTime":1725256078274,"endTime":1725256078274,"millis":0.041814,"status":"passed"},"step":{"background":true,"line":15,"prefix":"*","index":1,"text":"url urlBase"}},{"result":{"nanos":153573,"startTime":1725256078274,"endTime":1725256078274,"millis":0.153573,"status":"passed"},"step":{"background":true,"line":16,"prefix":"*","index":2,"text":"def authToken = karate.properties['AUTH_TOKEN']"}},{"result":{"nanos":48243,"startTime":1725256078274,"endTime":1725256078274,"millis":0.048243,"status":"passed"},"step":{"background":true,"line":17,"prefix":"*","index":3,"text":"header Authorization = 'Bearer ' + authToken"}},{"result":{"nanos":427812,"startTime":1725256078274,"endTime":1725256078274,"millis":0.427812,"status":"passed"},"step":{"line":67,"prefix":"Given","index":0,"text":"path '\/test\/event', 'test789', 'execute'"}},{"result":{"nanos":649073,"startTime":1725256078274,"endTime":1725256078275,"millis":0.649073,"status":"passed"},"step":{"endLine":74,"line":68,"prefix":"And","docString":"{\n  \"arrival_rate\": 1,\n  \"duration\": 1\n}","index":1,"text":"request"}},{"result":{"nanos":2988966,"errorMessage":"http call failed after 2 milliseconds for url: \/dummy_url.base\/test\/event\/test789\/execute\norg.apache.http.ProtocolException: Target host is not specified\nsrc\/test\/java\/com\/bootexample4\/api_tests\/SwaggerJson\/test_event_trigger_id_execute_post.feature:75","startTime":1725256078275,"endTime":1725256078278,"millis":2.988966,"status":"failed"},"step":{"line":75,"prefix":"When","index":2,"text":"method POST"},"stepLog":"11:17:58.277 org.apache.http.ProtocolException: Target host is not specified, http call failed after 2 milliseconds for url: \/dummy_url.base\/test\/event\/test789\/execute\n11:17:58.278 src\/test\/java\/com\/bootexample4\/api_tests\/SwaggerJson\/test_event_trigger_id_execute_post.feature:75\nWhen method POST\nhttp call failed after 2 milliseconds for url: \/dummy_url.base\/test\/event\/test789\/execute\norg.apache.http.ProtocolException: Target host is not specified\nsrc\/test\/java\/com\/bootexample4\/api_tests\/SwaggerJson\/test_event_trigger_id_execute_post.feature:75\n"},{"result":{"nanos":0,"startTime":1725256078278,"endTime":1725256078278,"millis":0.0,"status":"skipped"},"step":{"line":76,"prefix":"Then","index":3,"text":"status 400"}},{"result":{"nanos":0,"startTime":1725256078278,"endTime":1725256078278,"millis":0.0,"status":"skipped"},"step":{"endLine":86,"line":77,"prefix":"And","docString":"{\n  \"code\": 400,\n  \"timestamp\": \"#string\",\n  \"path\": \"\/test\/event\/test789\/execute\",\n  \"method\": \"POST\",\n  \"message\": \"#string\"\n}","index":4,"text":"match response contains"}},{"result":{"nanos":0,"startTime":1725256078278,"endTime":1725256078278,"millis":0.0,"status":"skipped"},"step":{"line":87,"prefix":"And","index":5,"text":"match header Content-Type == 'application\/json'"}}],"line":66,"description":"","durationMillis":4.514532,"failed":true,"error":"http call failed after 2 milliseconds for url: \/dummy_url.base\/test\/event\/test789\/execute\norg.apache.http.ProtocolException: Target host is not specified\nsrc\/test\/java\/com\/bootexample4\/api_tests\/SwaggerJson\/test_event_trigger_id_execute_post.feature:75","executorName":"main","name":"Execute Test with missing required fields","startTime":1725256078273,"refId":"[3:66]","endTime":1725256078278,"exampleIndex":-1}],"callDepth":0,"name":"Test GPT Controller Execute Test API","description":"","resultDate":"2024-09-02 11:17:58 AM","durationMillis":14.950687,"passedCount":0}