{"failedCount":6,"prefixedPath":"src\/test\/java\/com\/bootexample4\/api_tests\/SwaggerJson\/test_test_id_get.feature","packageQualifiedName":"src.test.java.com.bootexample4.api_tests.SwaggerJson.test_test_id_get","loopIndex":-1,"relativePath":"src\/test\/java\/com\/bootexample4\/api_tests\/SwaggerJson\/test_test_id_get.feature","scenarioResults":[{"sectionIndex":0,"stepResults":[{"result":{"nanos":1713548,"startTime":1725256076360,"endTime":1725256076362,"millis":1.713548,"status":"passed"},"step":{"background":true,"line":14,"prefix":"*","index":0,"text":"def urlBase = karate.properties['url.base'] || karate.get('urlBase', 'http:\/\/localhost:4010')"}},{"result":{"nanos":198561,"startTime":1725256076361,"endTime":1725256076361,"millis":0.198561,"status":"passed"},"step":{"background":true,"line":15,"prefix":"*","index":1,"text":"url urlBase"}},{"result":{"nanos":992012,"startTime":1725256076362,"endTime":1725256076363,"millis":0.992012,"status":"passed"},"step":{"background":true,"line":16,"prefix":"*","index":2,"text":"def authToken = karate.properties['AUTH_TOKEN']"}},{"result":{"nanos":1840162,"errorMessage":"js failed:\n>>>>\n01: ['test', test123]\n<<<<\norg.graalvm.polyglot.PolyglotException: ReferenceError: \"test123\" is not defined\n- <js>.:program(Unnamed:1)\n\nsrc\/test\/java\/com\/bootexample4\/api_tests\/SwaggerJson\/test_test_id_get.feature:19","startTime":1725256076363,"endTime":1725256076365,"millis":1.840162,"status":"failed"},"step":{"line":19,"prefix":"Given","index":0,"text":"path 'test', test123"},"stepLog":"11:17:56.365 src\/test\/java\/com\/bootexample4\/api_tests\/SwaggerJson\/test_test_id_get.feature:19\nGiven path 'test', test123\njs failed:\n>>>>\n01: ['test', test123]\n<<<<\norg.graalvm.polyglot.PolyglotException: ReferenceError: \"test123\" is not defined\n- <js>.:program(Unnamed:1)\n\nsrc\/test\/java\/com\/bootexample4\/api_tests\/SwaggerJson\/test_test_id_get.feature:19\n"},{"result":{"nanos":0,"startTime":1725256076365,"endTime":1725256076365,"millis":0.0,"status":"skipped"},"step":{"line":20,"prefix":"And","index":1,"text":"header Authorization = 'Bearer ' + authToken"}},{"result":{"nanos":0,"startTime":1725256076365,"endTime":1725256076365,"millis":0.0,"status":"skipped"},"step":{"line":21,"prefix":"When","index":2,"text":"method GET"}},{"result":{"nanos":0,"startTime":1725256076365,"endTime":1725256076365,"millis":0.0,"status":"skipped"},"step":{"line":22,"prefix":"Then","index":3,"text":"status 200"}}],"line":25,"description":"","durationMillis":4.744283,"failed":true,"error":"js failed:\n>>>>\n01: ['test', test123]\n<<<<\norg.graalvm.polyglot.PolyglotException: ReferenceError: \"test123\" is not defined\n- <js>.:program(Unnamed:1)\n\nsrc\/test\/java\/com\/bootexample4\/api_tests\/SwaggerJson\/test_test_id_get.feature:19","executorName":"main","name":"Get One Test with different test_id","startTime":1725256076359,"refId":"[1.1:25]","endTime":1725256076365,"exampleData":{"test_id":"test123"},"exampleIndex":0},{"sectionIndex":0,"stepResults":[{"result":{"nanos":330173,"startTime":1725256076368,"endTime":1725256076368,"millis":0.330173,"status":"passed"},"step":{"background":true,"line":14,"prefix":"*","index":0,"text":"def urlBase = karate.properties['url.base'] || karate.get('urlBase', 'http:\/\/localhost:4010')"}},{"result":{"nanos":113702,"startTime":1725256076369,"endTime":1725256076369,"millis":0.113702,"status":"passed"},"step":{"background":true,"line":15,"prefix":"*","index":1,"text":"url urlBase"}},{"result":{"nanos":256006,"startTime":1725256076369,"endTime":1725256076369,"millis":0.256006,"status":"passed"},"step":{"background":true,"line":16,"prefix":"*","index":2,"text":"def authToken = karate.properties['AUTH_TOKEN']"}},{"result":{"nanos":2391189,"errorMessage":"js failed:\n>>>>\n01: ['test', abc456]\n<<<<\norg.graalvm.polyglot.PolyglotException: ReferenceError: \"abc456\" is not defined\n- <js>.:program(Unnamed:1)\n\nsrc\/test\/java\/com\/bootexample4\/api_tests\/SwaggerJson\/test_test_id_get.feature:19","startTime":1725256076369,"endTime":1725256076371,"millis":2.391189,"status":"failed"},"step":{"line":19,"prefix":"Given","index":0,"text":"path 'test', abc456"},"stepLog":"11:17:56.372 src\/test\/java\/com\/bootexample4\/api_tests\/SwaggerJson\/test_test_id_get.feature:19\nGiven path 'test', abc456\njs failed:\n>>>>\n01: ['test', abc456]\n<<<<\norg.graalvm.polyglot.PolyglotException: ReferenceError: \"abc456\" is not defined\n- <js>.:program(Unnamed:1)\n\nsrc\/test\/java\/com\/bootexample4\/api_tests\/SwaggerJson\/test_test_id_get.feature:19\n"},{"result":{"nanos":0,"startTime":1725256076372,"endTime":1725256076372,"millis":0.0,"status":"skipped"},"step":{"line":20,"prefix":"And","index":1,"text":"header Authorization = 'Bearer ' + authToken"}},{"result":{"nanos":0,"startTime":1725256076372,"endTime":1725256076372,"millis":0.0,"status":"skipped"},"step":{"line":21,"prefix":"When","index":2,"text":"method GET"}},{"result":{"nanos":0,"startTime":1725256076372,"endTime":1725256076372,"millis":0.0,"status":"skipped"},"step":{"line":22,"prefix":"Then","index":3,"text":"status 200"}}],"line":25,"description":"","durationMillis":3.09107,"failed":true,"error":"js failed:\n>>>>\n01: ['test', abc456]\n<<<<\norg.graalvm.polyglot.PolyglotException: ReferenceError: \"abc456\" is not defined\n- <js>.:program(Unnamed:1)\n\nsrc\/test\/java\/com\/bootexample4\/api_tests\/SwaggerJson\/test_test_id_get.feature:19","executorName":"main","name":"Get One Test with different test_id","startTime":1725256076368,"refId":"[1.2:25]","endTime":1725256076372,"exampleData":{"test_id":"abc456"},"exampleIndex":1},{"sectionIndex":0,"stepResults":[{"result":{"nanos":464583,"startTime":1725256076376,"endTime":1725256076376,"millis":0.464583,"status":"passed"},"step":{"background":true,"line":14,"prefix":"*","index":0,"text":"def urlBase = karate.properties['url.base'] || karate.get('urlBase', 'http:\/\/localhost:4010')"}},{"result":{"nanos":86841,"startTime":1725256076376,"endTime":1725256076376,"millis":0.086841,"status":"passed"},"step":{"background":true,"line":15,"prefix":"*","index":1,"text":"url urlBase"}},{"result":{"nanos":206596,"startTime":1725256076376,"endTime":1725256076376,"millis":0.206596,"status":"passed"},"step":{"background":true,"line":16,"prefix":"*","index":2,"text":"def authToken = karate.properties['AUTH_TOKEN']"}},{"result":{"nanos":36350824,"errorMessage":"js failed:\n>>>>\n01: ['test', 789xyz]\n<<<<\norg.graalvm.polyglot.PolyglotException: SyntaxError: Unnamed:1:12 Missing space after numeric literal\n['test', 789xyz]\n            ^\n\n- org.graalvm.polyglot.Context.eval(Context.java:425)\n- com.intuit.karate.graal.JsEngine.evalForValue(JsEngine.java:169)\n- com.intuit.karate.graal.JsEngine.eval(JsEngine.java:165)\n- com.intuit.karate.core.ScenarioEngine.evalJs(ScenarioEngine.java:1286)\n- com.intuit.karate.core.ScenarioEngine.path(ScenarioEngine.java:387)\n- com.intuit.karate.ScenarioActions.path(ScenarioActions.java:81)\n- java.base\/jdk.internal.reflect.NativeMethodAccessorImpl.invoke0(Native Method)\n\nsrc\/test\/java\/com\/bootexample4\/api_tests\/SwaggerJson\/test_test_id_get.feature:19","startTime":1725256076377,"endTime":1725256076413,"millis":36.350824,"status":"failed"},"step":{"line":19,"prefix":"Given","index":0,"text":"path 'test', 789xyz"},"stepLog":"11:17:56.413 src\/test\/java\/com\/bootexample4\/api_tests\/SwaggerJson\/test_test_id_get.feature:19\nGiven path 'test', 789xyz\njs failed:\n>>>>\n01: ['test', 789xyz]\n<<<<\norg.graalvm.polyglot.PolyglotException: SyntaxError: Unnamed:1:12 Missing space after numeric literal\n['test', 789xyz]\n            ^\n\n- org.graalvm.polyglot.Context.eval(Context.java:425)\n- com.intuit.karate.graal.JsEngine.evalForValue(JsEngine.java:169)\n- com.intuit.karate.graal.JsEngine.eval(JsEngine.java:165)\n- com.intuit.karate.core.ScenarioEngine.evalJs(ScenarioEngine.java:1286)\n- com.intuit.karate.core.ScenarioEngine.path(ScenarioEngine.java:387)\n- com.intuit.karate.ScenarioActions.path(ScenarioActions.java:81)\n- java.base\/jdk.internal.reflect.NativeMethodAccessorImpl.invoke0(Native Method)\n\nsrc\/test\/java\/com\/bootexample4\/api_tests\/SwaggerJson\/test_test_id_get.feature:19\n"},{"result":{"nanos":0,"startTime":1725256076413,"endTime":1725256076413,"millis":0.0,"status":"skipped"},"step":{"line":20,"prefix":"And","index":1,"text":"header Authorization = 'Bearer ' + authToken"}},{"result":{"nanos":0,"startTime":1725256076413,"endTime":1725256076413,"millis":0.0,"status":"skipped"},"step":{"line":21,"prefix":"When","index":2,"text":"method GET"}},{"result":{"nanos":0,"startTime":1725256076413,"endTime":1725256076413,"millis":0.0,"status":"skipped"},"step":{"line":22,"prefix":"Then","index":3,"text":"status 200"}}],"line":25,"description":"","durationMillis":37.108844,"failed":true,"error":"js failed:\n>>>>\n01: ['test', 789xyz]\n<<<<\norg.graalvm.polyglot.PolyglotException: SyntaxError: Unnamed:1:12 Missing space after numeric literal\n['test', 789xyz]\n            ^\n\n- org.graalvm.polyglot.Context.eval(Context.java:425)\n- com.intuit.karate.graal.JsEngine.evalForValue(JsEngine.java:169)\n- com.intuit.karate.graal.JsEngine.eval(JsEngine.java:165)\n- com.intuit.karate.core.ScenarioEngine.evalJs(ScenarioEngine.java:1286)\n- com.intuit.karate.core.ScenarioEngine.path(ScenarioEngine.java:387)\n- com.intuit.karate.ScenarioActions.path(ScenarioActions.java:81)\n- java.base\/jdk.internal.reflect.NativeMethodAccessorImpl.invoke0(Native Method)\n\nsrc\/test\/java\/com\/bootexample4\/api_tests\/SwaggerJson\/test_test_id_get.feature:19","executorName":"main","name":"Get One Test with different test_id","startTime":1725256076376,"refId":"[1.3:25]","endTime":1725256076413,"exampleData":{"test_id":"789xyz"},"exampleIndex":2},{"sectionIndex":1,"stepResults":[{"result":{"nanos":420109,"startTime":1725256076416,"endTime":1725256076416,"millis":0.420109,"status":"passed"},"step":{"background":true,"line":14,"prefix":"*","index":0,"text":"def urlBase = karate.properties['url.base'] || karate.get('urlBase', 'http:\/\/localhost:4010')"}},{"result":{"nanos":1889659,"startTime":1725256076417,"endTime":1725256076419,"millis":1.889659,"status":"passed"},"step":{"background":true,"line":15,"prefix":"*","index":1,"text":"url urlBase"}},{"result":{"nanos":436178,"startTime":1725256076419,"endTime":1725256076419,"millis":0.436178,"status":"passed"},"step":{"background":true,"line":16,"prefix":"*","index":2,"text":"def authToken = karate.properties['AUTH_TOKEN']"}},{"result":{"nanos":1999915,"startTime":1725256076419,"endTime":1725256076421,"millis":1.999915,"status":"passed"},"step":{"line":28,"prefix":"Given","index":0,"text":"path 'test', 'invalid_id'"}},{"result":{"nanos":751459,"startTime":1725256076421,"endTime":1725256076422,"millis":0.751459,"status":"passed"},"step":{"line":29,"prefix":"And","index":1,"text":"header Authorization = 'Bearer ' + authToken"}},{"result":{"nanos":2390008,"errorMessage":"http call failed after 2 milliseconds for url: \/dummy_url.base\/test\/invalid_id\norg.apache.http.ProtocolException: Target host is not specified\nsrc\/test\/java\/com\/bootexample4\/api_tests\/SwaggerJson\/test_test_id_get.feature:30","startTime":1725256076422,"endTime":1725256076424,"millis":2.390008,"status":"failed"},"step":{"line":30,"prefix":"When","index":2,"text":"method GET"},"stepLog":"11:17:56.424 org.apache.http.ProtocolException: Target host is not specified, http call failed after 2 milliseconds for url: \/dummy_url.base\/test\/invalid_id\n11:17:56.425 src\/test\/java\/com\/bootexample4\/api_tests\/SwaggerJson\/test_test_id_get.feature:30\nWhen method GET\nhttp call failed after 2 milliseconds for url: \/dummy_url.base\/test\/invalid_id\norg.apache.http.ProtocolException: Target host is not specified\nsrc\/test\/java\/com\/bootexample4\/api_tests\/SwaggerJson\/test_test_id_get.feature:30\n"},{"result":{"nanos":0,"startTime":1725256076425,"endTime":1725256076425,"millis":0.0,"status":"skipped"},"step":{"line":31,"prefix":"Then","index":3,"text":"status 404"}},{"result":{"nanos":0,"startTime":1725256076425,"endTime":1725256076425,"millis":0.0,"status":"skipped"},"step":{"endLine":41,"line":32,"prefix":"And","docString":"{\n  code: '#number',\n  timestamp: '#string',\n  path: '#string',\n  method: '#regex ^GET|DELETE|HEAD|OPTIONS|POST|PUT|PATCH|PURGE|LINK|UNLINK$',\n  message: '#string'\n}","index":4,"text":"match response =="}},{"result":{"nanos":0,"startTime":1725256076425,"endTime":1725256076425,"millis":0.0,"status":"skipped"},"step":{"line":42,"prefix":"And","index":5,"text":"match response.code == 404"}},{"result":{"nanos":0,"startTime":1725256076425,"endTime":1725256076425,"millis":0.0,"status":"skipped"},"step":{"line":43,"prefix":"And","index":6,"text":"match response.path contains '\/test\/'"}},{"result":{"nanos":0,"startTime":1725256076425,"endTime":1725256076425,"millis":0.0,"status":"skipped"},"step":{"line":44,"prefix":"And","index":7,"text":"match response.method == 'GET'"}},{"result":{"nanos":0,"startTime":1725256076425,"endTime":1725256076425,"millis":0.0,"status":"skipped"},"step":{"line":45,"prefix":"And","index":8,"text":"match response.message == 'Not found'"}}],"line":27,"description":"","durationMillis":7.887328,"failed":true,"error":"http call failed after 2 milliseconds for url: \/dummy_url.base\/test\/invalid_id\norg.apache.http.ProtocolException: Target host is not specified\nsrc\/test\/java\/com\/bootexample4\/api_tests\/SwaggerJson\/test_test_id_get.feature:30","executorName":"main","name":"Get One Test with invalid test_id","startTime":1725256076416,"refId":"[2:27]","endTime":1725256076425,"exampleIndex":-1},{"sectionIndex":2,"stepResults":[{"result":{"nanos":409453,"startTime":1725256076428,"endTime":1725256076428,"millis":0.409453,"status":"passed"},"step":{"background":true,"line":14,"prefix":"*","index":0,"text":"def urlBase = karate.properties['url.base'] || karate.get('urlBase', 'http:\/\/localhost:4010')"}},{"result":{"nanos":116268,"startTime":1725256076428,"endTime":1725256076428,"millis":0.116268,"status":"passed"},"step":{"background":true,"line":15,"prefix":"*","index":1,"text":"url urlBase"}},{"result":{"nanos":398323,"startTime":1725256076429,"endTime":1725256076429,"millis":0.398323,"status":"passed"},"step":{"background":true,"line":16,"prefix":"*","index":2,"text":"def authToken = karate.properties['AUTH_TOKEN']"}},{"result":{"nanos":418835,"startTime":1725256076430,"endTime":1725256076430,"millis":0.418835,"status":"passed"},"step":{"line":48,"prefix":"Given","index":0,"text":"path 'test', 'test123'"}},{"result":{"nanos":2562702,"errorMessage":"http call failed after 3 milliseconds for url: \/dummy_url.base\/test\/test123\norg.apache.http.ProtocolException: Target host is not specified\nsrc\/test\/java\/com\/bootexample4\/api_tests\/SwaggerJson\/test_test_id_get.feature:49","startTime":1725256076430,"endTime":1725256076433,"millis":2.562702,"status":"failed"},"step":{"line":49,"prefix":"When","index":1,"text":"method GET"},"stepLog":"11:17:56.433 org.apache.http.ProtocolException: Target host is not specified, http call failed after 3 milliseconds for url: \/dummy_url.base\/test\/test123\n11:17:56.433 src\/test\/java\/com\/bootexample4\/api_tests\/SwaggerJson\/test_test_id_get.feature:49\nWhen method GET\nhttp call failed after 3 milliseconds for url: \/dummy_url.base\/test\/test123\norg.apache.http.ProtocolException: Target host is not specified\nsrc\/test\/java\/com\/bootexample4\/api_tests\/SwaggerJson\/test_test_id_get.feature:49\n"},{"result":{"nanos":0,"startTime":1725256076433,"endTime":1725256076433,"millis":0.0,"status":"skipped"},"step":{"line":50,"prefix":"Then","index":2,"text":"status 401"}}],"line":47,"description":"","durationMillis":3.905581,"failed":true,"error":"http call failed after 3 milliseconds for url: \/dummy_url.base\/test\/test123\norg.apache.http.ProtocolException: Target host is not specified\nsrc\/test\/java\/com\/bootexample4\/api_tests\/SwaggerJson\/test_test_id_get.feature:49","executorName":"main","name":"Get One Test without authorization","startTime":1725256076428,"refId":"[3:47]","endTime":1725256076433,"exampleIndex":-1},{"sectionIndex":3,"stepResults":[{"result":{"nanos":397775,"startTime":1725256076437,"endTime":1725256076437,"millis":0.397775,"status":"passed"},"step":{"background":true,"line":14,"prefix":"*","index":0,"text":"def urlBase = karate.properties['url.base'] || karate.get('urlBase', 'http:\/\/localhost:4010')"}},{"result":{"nanos":58947,"startTime":1725256076437,"endTime":1725256076437,"millis":0.058947,"status":"passed"},"step":{"background":true,"line":15,"prefix":"*","index":1,"text":"url urlBase"}},{"result":{"nanos":217505,"startTime":1725256076437,"endTime":1725256076437,"millis":0.217505,"status":"passed"},"step":{"background":true,"line":16,"prefix":"*","index":2,"text":"def authToken = karate.properties['AUTH_TOKEN']"}},{"result":{"nanos":127760,"startTime":1725256076437,"endTime":1725256076437,"millis":0.12776,"status":"passed"},"step":{"line":53,"prefix":"Given","index":0,"text":"path 'test', 'test123'"}},{"result":{"nanos":379625,"startTime":1725256076438,"endTime":1725256076438,"millis":0.379625,"status":"passed"},"step":{"line":54,"prefix":"And","index":1,"text":"header Authorization = 'Bearer invalid_token'"}},{"result":{"nanos":4278968,"errorMessage":"http call failed after 3 milliseconds for url: \/dummy_url.base\/test\/test123\norg.apache.http.ProtocolException: Target host is not specified\nsrc\/test\/java\/com\/bootexample4\/api_tests\/SwaggerJson\/test_test_id_get.feature:55","startTime":1725256076438,"endTime":1725256076442,"millis":4.278968,"status":"failed"},"step":{"line":55,"prefix":"When","index":2,"text":"method GET"},"stepLog":"11:17:56.442 org.apache.http.ProtocolException: Target host is not specified, http call failed after 3 milliseconds for url: \/dummy_url.base\/test\/test123\n11:17:56.443 src\/test\/java\/com\/bootexample4\/api_tests\/SwaggerJson\/test_test_id_get.feature:55\nWhen method GET\nhttp call failed after 3 milliseconds for url: \/dummy_url.base\/test\/test123\norg.apache.http.ProtocolException: Target host is not specified\nsrc\/test\/java\/com\/bootexample4\/api_tests\/SwaggerJson\/test_test_id_get.feature:55\n"},{"result":{"nanos":0,"startTime":1725256076443,"endTime":1725256076443,"millis":0.0,"status":"skipped"},"step":{"line":56,"prefix":"Then","index":3,"text":"status 401"}}],"line":52,"description":"","durationMillis":5.46058,"failed":true,"error":"http call failed after 3 milliseconds for url: \/dummy_url.base\/test\/test123\norg.apache.http.ProtocolException: Target host is not specified\nsrc\/test\/java\/com\/bootexample4\/api_tests\/SwaggerJson\/test_test_id_get.feature:55","executorName":"main","name":"Get One Test with invalid authorization","startTime":1725256076437,"refId":"[4:52]","endTime":1725256076443,"exampleIndex":-1}],"callDepth":0,"name":"Test GPT Controller - Get One Test","description":"","resultDate":"2024-09-02 11:17:56 AM","durationMillis":62.197686,"passedCount":0}