{"failedCount":8,"prefixedPath":"src\/test\/java\/com\/bootexample4\/api_tests\/SwaggerJson\/test_event_trigger_id_execute_status_get.feature","packageQualifiedName":"src.test.java.com.bootexample4.api_tests.SwaggerJson.test_event_trigger_id_execute_status_get","loopIndex":-1,"relativePath":"src\/test\/java\/com\/bootexample4\/api_tests\/SwaggerJson\/test_event_trigger_id_execute_status_get.feature","scenarioResults":[{"sectionIndex":0,"stepResults":[{"result":{"nanos":397462,"startTime":1725256077782,"endTime":1725256077782,"millis":0.397462,"status":"passed"},"step":{"background":true,"line":14,"prefix":"*","index":0,"text":"def urlBase = karate.properties['url.base'] || karate.get('urlBase', 'http:\/\/localhost:4010')"}},{"result":{"nanos":76619,"startTime":1725256077782,"endTime":1725256077782,"millis":0.076619,"status":"passed"},"step":{"background":true,"line":15,"prefix":"*","index":1,"text":"url urlBase"}},{"result":{"nanos":251624,"startTime":1725256077782,"endTime":1725256077782,"millis":0.251624,"status":"passed"},"step":{"background":true,"line":16,"prefix":"*","index":2,"text":"def authToken = karate.properties['AUTH_TOKEN']"}},{"result":{"nanos":592065,"startTime":1725256077782,"endTime":1725256077783,"millis":0.592065,"status":"passed"},"step":{"line":19,"prefix":"Given","index":0,"text":"path '\/test\/event', 'trig123', 'execute\/status'"}},{"result":{"nanos":544526,"startTime":1725256077783,"endTime":1725256077784,"millis":0.544526,"status":"passed"},"step":{"line":20,"prefix":"And","index":1,"text":"param file_path = '\/path\/to\/file1.txt'"}},{"result":{"nanos":100459,"startTime":1725256077784,"endTime":1725256077784,"millis":0.100459,"status":"passed"},"step":{"line":21,"prefix":"And","index":2,"text":"header Authorization = 'Bearer ' + authToken"}},{"result":{"nanos":1738633,"errorMessage":"http call failed after 1 milliseconds for url: \/dummy_url.base\/test\/event\/trig123\/execute\/status?file_path=%2Fpath%2Fto%2Ffile1.txt\norg.apache.http.ProtocolException: Target host is not specified\nsrc\/test\/java\/com\/bootexample4\/api_tests\/SwaggerJson\/test_event_trigger_id_execute_status_get.feature:22","startTime":1725256077784,"endTime":1725256077786,"millis":1.738633,"status":"failed"},"step":{"line":22,"prefix":"When","index":3,"text":"method GET"},"stepLog":"11:17:57.785 org.apache.http.ProtocolException: Target host is not specified, http call failed after 1 milliseconds for url: \/dummy_url.base\/test\/event\/trig123\/execute\/status?file_path=%2Fpath%2Fto%2Ffile1.txt\n11:17:57.786 src\/test\/java\/com\/bootexample4\/api_tests\/SwaggerJson\/test_event_trigger_id_execute_status_get.feature:22\nWhen method GET\nhttp call failed after 1 milliseconds for url: \/dummy_url.base\/test\/event\/trig123\/execute\/status?file_path=%2Fpath%2Fto%2Ffile1.txt\norg.apache.http.ProtocolException: Target host is not specified\nsrc\/test\/java\/com\/bootexample4\/api_tests\/SwaggerJson\/test_event_trigger_id_execute_status_get.feature:22\n"},{"result":{"nanos":0,"startTime":1725256077786,"endTime":1725256077786,"millis":0.0,"status":"skipped"},"step":{"line":23,"prefix":"Then","index":4,"text":"status 200"}},{"result":{"nanos":0,"startTime":1725256077786,"endTime":1725256077786,"millis":0.0,"status":"skipped"},"step":{"line":24,"prefix":"And","index":5,"text":"match response == '#string'"}}],"line":27,"description":"","durationMillis":3.701388,"failed":true,"error":"http call failed after 1 milliseconds for url: \/dummy_url.base\/test\/event\/trig123\/execute\/status?file_path=%2Fpath%2Fto%2Ffile1.txt\norg.apache.http.ProtocolException: Target host is not specified\nsrc\/test\/java\/com\/bootexample4\/api_tests\/SwaggerJson\/test_event_trigger_id_execute_status_get.feature:22","executorName":"main","name":"Get test execution file status","startTime":1725256077782,"refId":"[1.1:27]","endTime":1725256077786,"exampleData":{"trigger_id":"trig123","file_path":"\/path\/to\/file1.txt","status_code":"404"},"exampleIndex":0},{"sectionIndex":0,"stepResults":[{"result":{"nanos":310761,"startTime":1725256077789,"endTime":1725256077789,"millis":0.310761,"status":"passed"},"step":{"background":true,"line":14,"prefix":"*","index":0,"text":"def urlBase = karate.properties['url.base'] || karate.get('urlBase', 'http:\/\/localhost:4010')"}},{"result":{"nanos":72162,"startTime":1725256077789,"endTime":1725256077789,"millis":0.072162,"status":"passed"},"step":{"background":true,"line":15,"prefix":"*","index":1,"text":"url urlBase"}},{"result":{"nanos":161637,"startTime":1725256077789,"endTime":1725256077789,"millis":0.161637,"status":"passed"},"step":{"background":true,"line":16,"prefix":"*","index":2,"text":"def authToken = karate.properties['AUTH_TOKEN']"}},{"result":{"nanos":459594,"startTime":1725256077789,"endTime":1725256077789,"millis":0.459594,"status":"passed"},"step":{"line":19,"prefix":"Given","index":0,"text":"path '\/test\/event', 'trig456', 'execute\/status'"}},{"result":{"nanos":280414,"startTime":1725256077790,"endTime":1725256077790,"millis":0.280414,"status":"passed"},"step":{"line":20,"prefix":"And","index":1,"text":"param file_path = '\/path\/to\/file2.json'"}},{"result":{"nanos":96873,"startTime":1725256077790,"endTime":1725256077790,"millis":0.096873,"status":"passed"},"step":{"line":21,"prefix":"And","index":2,"text":"header Authorization = 'Bearer ' + authToken"}},{"result":{"nanos":2413305,"errorMessage":"http call failed after 2 milliseconds for url: \/dummy_url.base\/test\/event\/trig456\/execute\/status?file_path=%2Fpath%2Fto%2Ffile2.json\norg.apache.http.ProtocolException: Target host is not specified\nsrc\/test\/java\/com\/bootexample4\/api_tests\/SwaggerJson\/test_event_trigger_id_execute_status_get.feature:22","startTime":1725256077790,"endTime":1725256077792,"millis":2.413305,"status":"failed"},"step":{"line":22,"prefix":"When","index":3,"text":"method GET"},"stepLog":"11:17:57.792 org.apache.http.ProtocolException: Target host is not specified, http call failed after 2 milliseconds for url: \/dummy_url.base\/test\/event\/trig456\/execute\/status?file_path=%2Fpath%2Fto%2Ffile2.json\n11:17:57.793 src\/test\/java\/com\/bootexample4\/api_tests\/SwaggerJson\/test_event_trigger_id_execute_status_get.feature:22\nWhen method GET\nhttp call failed after 2 milliseconds for url: \/dummy_url.base\/test\/event\/trig456\/execute\/status?file_path=%2Fpath%2Fto%2Ffile2.json\norg.apache.http.ProtocolException: Target host is not specified\nsrc\/test\/java\/com\/bootexample4\/api_tests\/SwaggerJson\/test_event_trigger_id_execute_status_get.feature:22\n"},{"result":{"nanos":0,"startTime":1725256077793,"endTime":1725256077793,"millis":0.0,"status":"skipped"},"step":{"line":23,"prefix":"Then","index":4,"text":"status 200"}},{"result":{"nanos":0,"startTime":1725256077793,"endTime":1725256077793,"millis":0.0,"status":"skipped"},"step":{"line":24,"prefix":"And","index":5,"text":"match response == '#string'"}}],"line":27,"description":"","durationMillis":3.794746,"failed":true,"error":"http call failed after 2 milliseconds for url: \/dummy_url.base\/test\/event\/trig456\/execute\/status?file_path=%2Fpath%2Fto%2Ffile2.json\norg.apache.http.ProtocolException: Target host is not specified\nsrc\/test\/java\/com\/bootexample4\/api_tests\/SwaggerJson\/test_event_trigger_id_execute_status_get.feature:22","executorName":"main","name":"Get test execution file status","startTime":1725256077789,"refId":"[1.2:27]","endTime":1725256077793,"exampleData":{"trigger_id":"trig456","file_path":"\/path\/to\/file2.json","status_code":"401"},"exampleIndex":1},{"sectionIndex":0,"stepResults":[{"result":{"nanos":301286,"startTime":1725256077795,"endTime":1725256077795,"millis":0.301286,"status":"passed"},"step":{"background":true,"line":14,"prefix":"*","index":0,"text":"def urlBase = karate.properties['url.base'] || karate.get('urlBase', 'http:\/\/localhost:4010')"}},{"result":{"nanos":74938,"startTime":1725256077795,"endTime":1725256077795,"millis":0.074938,"status":"passed"},"step":{"background":true,"line":15,"prefix":"*","index":1,"text":"url urlBase"}},{"result":{"nanos":196744,"startTime":1725256077795,"endTime":1725256077795,"millis":0.196744,"status":"passed"},"step":{"background":true,"line":16,"prefix":"*","index":2,"text":"def authToken = karate.properties['AUTH_TOKEN']"}},{"result":{"nanos":313055,"startTime":1725256077796,"endTime":1725256077796,"millis":0.313055,"status":"passed"},"step":{"line":19,"prefix":"Given","index":0,"text":"path '\/test\/event', 'invalid', 'execute\/status'"}},{"result":{"nanos":213623,"startTime":1725256077796,"endTime":1725256077796,"millis":0.213623,"status":"passed"},"step":{"line":20,"prefix":"And","index":1,"text":"param file_path = '\/nonexistent\/file'"}},{"result":{"nanos":95719,"startTime":1725256077796,"endTime":1725256077796,"millis":0.095719,"status":"passed"},"step":{"line":21,"prefix":"And","index":2,"text":"header Authorization = 'Bearer ' + authToken"}},{"result":{"nanos":1080452,"errorMessage":"http call failed after 1 milliseconds for url: \/dummy_url.base\/test\/event\/invalid\/execute\/status?file_path=%2Fnonexistent%2Ffile\norg.apache.http.ProtocolException: Target host is not specified\nsrc\/test\/java\/com\/bootexample4\/api_tests\/SwaggerJson\/test_event_trigger_id_execute_status_get.feature:22","startTime":1725256077796,"endTime":1725256077797,"millis":1.080452,"status":"failed"},"step":{"line":22,"prefix":"When","index":3,"text":"method GET"},"stepLog":"11:17:57.797 org.apache.http.ProtocolException: Target host is not specified, http call failed after 1 milliseconds for url: \/dummy_url.base\/test\/event\/invalid\/execute\/status?file_path=%2Fnonexistent%2Ffile\n11:17:57.797 src\/test\/java\/com\/bootexample4\/api_tests\/SwaggerJson\/test_event_trigger_id_execute_status_get.feature:22\nWhen method GET\nhttp call failed after 1 milliseconds for url: \/dummy_url.base\/test\/event\/invalid\/execute\/status?file_path=%2Fnonexistent%2Ffile\norg.apache.http.ProtocolException: Target host is not specified\nsrc\/test\/java\/com\/bootexample4\/api_tests\/SwaggerJson\/test_event_trigger_id_execute_status_get.feature:22\n"},{"result":{"nanos":0,"startTime":1725256077797,"endTime":1725256077797,"millis":0.0,"status":"skipped"},"step":{"line":23,"prefix":"Then","index":4,"text":"status 200"}},{"result":{"nanos":0,"startTime":1725256077797,"endTime":1725256077797,"millis":0.0,"status":"skipped"},"step":{"line":24,"prefix":"And","index":5,"text":"match response == '#string'"}}],"line":27,"description":"","durationMillis":2.275817,"failed":true,"error":"http call failed after 1 milliseconds for url: \/dummy_url.base\/test\/event\/invalid\/execute\/status?file_path=%2Fnonexistent%2Ffile\norg.apache.http.ProtocolException: Target host is not specified\nsrc\/test\/java\/com\/bootexample4\/api_tests\/SwaggerJson\/test_event_trigger_id_execute_status_get.feature:22","executorName":"main","name":"Get test execution file status","startTime":1725256077795,"refId":"[1.3:27]","endTime":1725256077797,"exampleData":{"trigger_id":"invalid","file_path":"\/nonexistent\/file","status_code":"404"},"exampleIndex":2},{"sectionIndex":0,"stepResults":[{"result":{"nanos":162086,"startTime":1725256077799,"endTime":1725256077799,"millis":0.162086,"status":"passed"},"step":{"background":true,"line":14,"prefix":"*","index":0,"text":"def urlBase = karate.properties['url.base'] || karate.get('urlBase', 'http:\/\/localhost:4010')"}},{"result":{"nanos":51120,"startTime":1725256077799,"endTime":1725256077799,"millis":0.05112,"status":"passed"},"step":{"background":true,"line":15,"prefix":"*","index":1,"text":"url urlBase"}},{"result":{"nanos":143500,"startTime":1725256077800,"endTime":1725256077800,"millis":0.1435,"status":"passed"},"step":{"background":true,"line":16,"prefix":"*","index":2,"text":"def authToken = karate.properties['AUTH_TOKEN']"}},{"result":{"nanos":305858,"startTime":1725256077800,"endTime":1725256077800,"millis":0.305858,"status":"passed"},"step":{"line":19,"prefix":"Given","index":0,"text":"path '\/test\/event', 'trig789', 'execute\/status'"}},{"result":{"nanos":157216,"startTime":1725256077800,"endTime":1725256077800,"millis":0.157216,"status":"passed"},"step":{"line":20,"prefix":"And","index":1,"text":"param file_path = '\/unauthorized\/file'"}},{"result":{"nanos":42029,"startTime":1725256077800,"endTime":1725256077800,"millis":0.042029,"status":"passed"},"step":{"line":21,"prefix":"And","index":2,"text":"header Authorization = 'Bearer ' + authToken"}},{"result":{"nanos":1150945,"errorMessage":"http call failed after 1 milliseconds for url: \/dummy_url.base\/test\/event\/trig789\/execute\/status?file_path=%2Funauthorized%2Ffile\norg.apache.http.ProtocolException: Target host is not specified\nsrc\/test\/java\/com\/bootexample4\/api_tests\/SwaggerJson\/test_event_trigger_id_execute_status_get.feature:22","startTime":1725256077800,"endTime":1725256077801,"millis":1.150945,"status":"failed"},"step":{"line":22,"prefix":"When","index":3,"text":"method GET"},"stepLog":"11:17:57.801 org.apache.http.ProtocolException: Target host is not specified, http call failed after 1 milliseconds for url: \/dummy_url.base\/test\/event\/trig789\/execute\/status?file_path=%2Funauthorized%2Ffile\n11:17:57.802 src\/test\/java\/com\/bootexample4\/api_tests\/SwaggerJson\/test_event_trigger_id_execute_status_get.feature:22\nWhen method GET\nhttp call failed after 1 milliseconds for url: \/dummy_url.base\/test\/event\/trig789\/execute\/status?file_path=%2Funauthorized%2Ffile\norg.apache.http.ProtocolException: Target host is not specified\nsrc\/test\/java\/com\/bootexample4\/api_tests\/SwaggerJson\/test_event_trigger_id_execute_status_get.feature:22\n"},{"result":{"nanos":0,"startTime":1725256077802,"endTime":1725256077802,"millis":0.0,"status":"skipped"},"step":{"line":23,"prefix":"Then","index":4,"text":"status 200"}},{"result":{"nanos":0,"startTime":1725256077802,"endTime":1725256077802,"millis":0.0,"status":"skipped"},"step":{"line":24,"prefix":"And","index":5,"text":"match response == '#string'"}}],"line":27,"description":"","durationMillis":2.012754,"failed":true,"error":"http call failed after 1 milliseconds for url: \/dummy_url.base\/test\/event\/trig789\/execute\/status?file_path=%2Funauthorized%2Ffile\norg.apache.http.ProtocolException: Target host is not specified\nsrc\/test\/java\/com\/bootexample4\/api_tests\/SwaggerJson\/test_event_trigger_id_execute_status_get.feature:22","executorName":"main","name":"Get test execution file status","startTime":1725256077799,"refId":"[1.4:27]","endTime":1725256077802,"exampleData":{"trigger_id":"trig789","file_path":"\/unauthorized\/file","status_code":"401"},"exampleIndex":3},{"sectionIndex":1,"stepResults":[{"result":{"nanos":222501,"startTime":1725256077806,"endTime":1725256077806,"millis":0.222501,"status":"passed"},"step":{"background":true,"line":14,"prefix":"*","index":0,"text":"def urlBase = karate.properties['url.base'] || karate.get('urlBase', 'http:\/\/localhost:4010')"}},{"result":{"nanos":112917,"startTime":1725256077806,"endTime":1725256077806,"millis":0.112917,"status":"passed"},"step":{"background":true,"line":15,"prefix":"*","index":1,"text":"url urlBase"}},{"result":{"nanos":196576,"startTime":1725256077806,"endTime":1725256077806,"millis":0.196576,"status":"passed"},"step":{"background":true,"line":16,"prefix":"*","index":2,"text":"def authToken = karate.properties['AUTH_TOKEN']"}},{"result":{"nanos":55004,"startTime":1725256077806,"endTime":1725256077806,"millis":0.055004,"status":"passed"},"step":{"line":30,"prefix":"Given","index":0,"text":"path '\/test\/event', 'trig123', 'execute\/status'"}},{"result":{"nanos":44537,"startTime":1725256077806,"endTime":1725256077806,"millis":0.044537,"status":"passed"},"step":{"line":31,"prefix":"And","index":1,"text":"param file_path = '\/path\/to\/file1.txt'"}},{"result":{"nanos":34596,"startTime":1725256077807,"endTime":1725256077807,"millis":0.034596,"status":"passed"},"step":{"line":32,"prefix":"And","index":2,"text":"header Authorization = 'Bearer ' + authToken"}},{"result":{"nanos":1245309,"errorMessage":"http call failed after 1 milliseconds for url: \/dummy_url.base\/test\/event\/trig123\/execute\/status?file_path=%2Fpath%2Fto%2Ffile1.txt\norg.apache.http.ProtocolException: Target host is not specified\nsrc\/test\/java\/com\/bootexample4\/api_tests\/SwaggerJson\/test_event_trigger_id_execute_status_get.feature:33","startTime":1725256077807,"endTime":1725256077808,"millis":1.245309,"status":"failed"},"step":{"line":33,"prefix":"When","index":3,"text":"method GET"},"stepLog":"11:17:57.808 org.apache.http.ProtocolException: Target host is not specified, http call failed after 1 milliseconds for url: \/dummy_url.base\/test\/event\/trig123\/execute\/status?file_path=%2Fpath%2Fto%2Ffile1.txt\n11:17:57.808 src\/test\/java\/com\/bootexample4\/api_tests\/SwaggerJson\/test_event_trigger_id_execute_status_get.feature:33\nWhen method GET\nhttp call failed after 1 milliseconds for url: \/dummy_url.base\/test\/event\/trig123\/execute\/status?file_path=%2Fpath%2Fto%2Ffile1.txt\norg.apache.http.ProtocolException: Target host is not specified\nsrc\/test\/java\/com\/bootexample4\/api_tests\/SwaggerJson\/test_event_trigger_id_execute_status_get.feature:33\n"},{"result":{"nanos":0,"startTime":1725256077808,"endTime":1725256077808,"millis":0.0,"status":"skipped"},"step":{"line":34,"prefix":"Then","index":4,"text":"status 404"}},{"result":{"nanos":0,"startTime":1725256077808,"endTime":1725256077808,"millis":0.0,"status":"skipped"},"step":{"endLine":44,"line":35,"prefix":"And","docString":"{\n  code: '#number',\n  timestamp: '#string',\n  path: '#string',\n  method: '#string',\n  message: '#string'\n}","index":5,"text":"match response =="}},{"result":{"nanos":0,"startTime":1725256077808,"endTime":1725256077808,"millis":0.0,"status":"skipped"},"step":{"line":45,"prefix":"And","index":6,"text":"match response.code == 404"}},{"result":{"nanos":0,"startTime":1725256077808,"endTime":1725256077808,"millis":0.0,"status":"skipped"},"step":{"line":46,"prefix":"And","index":7,"text":"match response.timestamp contains '20'"}},{"result":{"nanos":0,"startTime":1725256077808,"endTime":1725256077808,"millis":0.0,"status":"skipped"},"step":{"line":47,"prefix":"And","index":8,"text":"match response.path contains '\/test\/event'"}},{"result":{"nanos":0,"startTime":1725256077808,"endTime":1725256077808,"millis":0.0,"status":"skipped"},"step":{"line":48,"prefix":"And","index":9,"text":"match response.method == 'GET'"}},{"result":{"nanos":0,"startTime":1725256077808,"endTime":1725256077808,"millis":0.0,"status":"skipped"},"step":{"line":49,"prefix":"And","index":10,"text":"match response.message == '#present'"}}],"line":52,"description":"","durationMillis":1.91144,"failed":true,"error":"http call failed after 1 milliseconds for url: \/dummy_url.base\/test\/event\/trig123\/execute\/status?file_path=%2Fpath%2Fto%2Ffile1.txt\norg.apache.http.ProtocolException: Target host is not specified\nsrc\/test\/java\/com\/bootexample4\/api_tests\/SwaggerJson\/test_event_trigger_id_execute_status_get.feature:33","executorName":"main","name":"Handle error responses for test execution file status","startTime":1725256077806,"refId":"[2.1:52]","endTime":1725256077808,"exampleData":{"trigger_id":"trig123","file_path":"\/path\/to\/file1.txt","status_code":"404"},"exampleIndex":0},{"sectionIndex":1,"stepResults":[{"result":{"nanos":160159,"startTime":1725256077810,"endTime":1725256077810,"millis":0.160159,"status":"passed"},"step":{"background":true,"line":14,"prefix":"*","index":0,"text":"def urlBase = karate.properties['url.base'] || karate.get('urlBase', 'http:\/\/localhost:4010')"}},{"result":{"nanos":39007,"startTime":1725256077810,"endTime":1725256077810,"millis":0.039007,"status":"passed"},"step":{"background":true,"line":15,"prefix":"*","index":1,"text":"url urlBase"}},{"result":{"nanos":117556,"startTime":1725256077810,"endTime":1725256077810,"millis":0.117556,"status":"passed"},"step":{"background":true,"line":16,"prefix":"*","index":2,"text":"def authToken = karate.properties['AUTH_TOKEN']"}},{"result":{"nanos":51319,"startTime":1725256077810,"endTime":1725256077810,"millis":0.051319,"status":"passed"},"step":{"line":30,"prefix":"Given","index":0,"text":"path '\/test\/event', 'trig456', 'execute\/status'"}},{"result":{"nanos":42303,"startTime":1725256077810,"endTime":1725256077810,"millis":0.042303,"status":"passed"},"step":{"line":31,"prefix":"And","index":1,"text":"param file_path = '\/path\/to\/file2.json'"}},{"result":{"nanos":31732,"startTime":1725256077810,"endTime":1725256077810,"millis":0.031732,"status":"passed"},"step":{"line":32,"prefix":"And","index":2,"text":"header Authorization = 'Bearer ' + authToken"}},{"result":{"nanos":944986,"errorMessage":"http call failed after 0 milliseconds for url: \/dummy_url.base\/test\/event\/trig456\/execute\/status?file_path=%2Fpath%2Fto%2Ffile2.json\norg.apache.http.ProtocolException: Target host is not specified\nsrc\/test\/java\/com\/bootexample4\/api_tests\/SwaggerJson\/test_event_trigger_id_execute_status_get.feature:33","startTime":1725256077811,"endTime":1725256077812,"millis":0.944986,"status":"failed"},"step":{"line":33,"prefix":"When","index":3,"text":"method GET"},"stepLog":"11:17:57.811 org.apache.http.ProtocolException: Target host is not specified, http call failed after 0 milliseconds for url: \/dummy_url.base\/test\/event\/trig456\/execute\/status?file_path=%2Fpath%2Fto%2Ffile2.json\n11:17:57.812 src\/test\/java\/com\/bootexample4\/api_tests\/SwaggerJson\/test_event_trigger_id_execute_status_get.feature:33\nWhen method GET\nhttp call failed after 0 milliseconds for url: \/dummy_url.base\/test\/event\/trig456\/execute\/status?file_path=%2Fpath%2Fto%2Ffile2.json\norg.apache.http.ProtocolException: Target host is not specified\nsrc\/test\/java\/com\/bootexample4\/api_tests\/SwaggerJson\/test_event_trigger_id_execute_status_get.feature:33\n"},{"result":{"nanos":0,"startTime":1725256077812,"endTime":1725256077812,"millis":0.0,"status":"skipped"},"step":{"line":34,"prefix":"Then","index":4,"text":"status 401"}},{"result":{"nanos":0,"startTime":1725256077812,"endTime":1725256077812,"millis":0.0,"status":"skipped"},"step":{"endLine":44,"line":35,"prefix":"And","docString":"{\n  code: '#number',\n  timestamp: '#string',\n  path: '#string',\n  method: '#string',\n  message: '#string'\n}","index":5,"text":"match response =="}},{"result":{"nanos":0,"startTime":1725256077812,"endTime":1725256077812,"millis":0.0,"status":"skipped"},"step":{"line":45,"prefix":"And","index":6,"text":"match response.code == 401"}},{"result":{"nanos":0,"startTime":1725256077812,"endTime":1725256077812,"millis":0.0,"status":"skipped"},"step":{"line":46,"prefix":"And","index":7,"text":"match response.timestamp contains '20'"}},{"result":{"nanos":0,"startTime":1725256077812,"endTime":1725256077812,"millis":0.0,"status":"skipped"},"step":{"line":47,"prefix":"And","index":8,"text":"match response.path contains '\/test\/event'"}},{"result":{"nanos":0,"startTime":1725256077812,"endTime":1725256077812,"millis":0.0,"status":"skipped"},"step":{"line":48,"prefix":"And","index":9,"text":"match response.method == 'GET'"}},{"result":{"nanos":0,"startTime":1725256077812,"endTime":1725256077812,"millis":0.0,"status":"skipped"},"step":{"line":49,"prefix":"And","index":10,"text":"match response.message == '#present'"}}],"line":52,"description":"","durationMillis":1.387062,"failed":true,"error":"http call failed after 0 milliseconds for url: \/dummy_url.base\/test\/event\/trig456\/execute\/status?file_path=%2Fpath%2Fto%2Ffile2.json\norg.apache.http.ProtocolException: Target host is not specified\nsrc\/test\/java\/com\/bootexample4\/api_tests\/SwaggerJson\/test_event_trigger_id_execute_status_get.feature:33","executorName":"main","name":"Handle error responses for test execution file status","startTime":1725256077810,"refId":"[2.2:52]","endTime":1725256077812,"exampleData":{"trigger_id":"trig456","file_path":"\/path\/to\/file2.json","status_code":"401"},"exampleIndex":1},{"sectionIndex":1,"stepResults":[{"result":{"nanos":219688,"startTime":1725256077813,"endTime":1725256077813,"millis":0.219688,"status":"passed"},"step":{"background":true,"line":14,"prefix":"*","index":0,"text":"def urlBase = karate.properties['url.base'] || karate.get('urlBase', 'http:\/\/localhost:4010')"}},{"result":{"nanos":38537,"startTime":1725256077814,"endTime":1725256077814,"millis":0.038537,"status":"passed"},"step":{"background":true,"line":15,"prefix":"*","index":1,"text":"url urlBase"}},{"result":{"nanos":109306,"startTime":1725256077814,"endTime":1725256077814,"millis":0.109306,"status":"passed"},"step":{"background":true,"line":16,"prefix":"*","index":2,"text":"def authToken = karate.properties['AUTH_TOKEN']"}},{"result":{"nanos":46174,"startTime":1725256077814,"endTime":1725256077814,"millis":0.046174,"status":"passed"},"step":{"line":30,"prefix":"Given","index":0,"text":"path '\/test\/event', 'invalid', 'execute\/status'"}},{"result":{"nanos":46997,"startTime":1725256077814,"endTime":1725256077814,"millis":0.046997,"status":"passed"},"step":{"line":31,"prefix":"And","index":1,"text":"param file_path = '\/nonexistent\/file'"}},{"result":{"nanos":32643,"startTime":1725256077814,"endTime":1725256077814,"millis":0.032643,"status":"passed"},"step":{"line":32,"prefix":"And","index":2,"text":"header Authorization = 'Bearer ' + authToken"}},{"result":{"nanos":1054168,"errorMessage":"http call failed after 1 milliseconds for url: \/dummy_url.base\/test\/event\/invalid\/execute\/status?file_path=%2Fnonexistent%2Ffile\norg.apache.http.ProtocolException: Target host is not specified\nsrc\/test\/java\/com\/bootexample4\/api_tests\/SwaggerJson\/test_event_trigger_id_execute_status_get.feature:33","startTime":1725256077814,"endTime":1725256077815,"millis":1.054168,"status":"failed"},"step":{"line":33,"prefix":"When","index":3,"text":"method GET"},"stepLog":"11:17:57.815 org.apache.http.ProtocolException: Target host is not specified, http call failed after 1 milliseconds for url: \/dummy_url.base\/test\/event\/invalid\/execute\/status?file_path=%2Fnonexistent%2Ffile\n11:17:57.815 src\/test\/java\/com\/bootexample4\/api_tests\/SwaggerJson\/test_event_trigger_id_execute_status_get.feature:33\nWhen method GET\nhttp call failed after 1 milliseconds for url: \/dummy_url.base\/test\/event\/invalid\/execute\/status?file_path=%2Fnonexistent%2Ffile\norg.apache.http.ProtocolException: Target host is not specified\nsrc\/test\/java\/com\/bootexample4\/api_tests\/SwaggerJson\/test_event_trigger_id_execute_status_get.feature:33\n"},{"result":{"nanos":0,"startTime":1725256077815,"endTime":1725256077815,"millis":0.0,"status":"skipped"},"step":{"line":34,"prefix":"Then","index":4,"text":"status 404"}},{"result":{"nanos":0,"startTime":1725256077815,"endTime":1725256077815,"millis":0.0,"status":"skipped"},"step":{"endLine":44,"line":35,"prefix":"And","docString":"{\n  code: '#number',\n  timestamp: '#string',\n  path: '#string',\n  method: '#string',\n  message: '#string'\n}","index":5,"text":"match response =="}},{"result":{"nanos":0,"startTime":1725256077815,"endTime":1725256077815,"millis":0.0,"status":"skipped"},"step":{"line":45,"prefix":"And","index":6,"text":"match response.code == 404"}},{"result":{"nanos":0,"startTime":1725256077815,"endTime":1725256077815,"millis":0.0,"status":"skipped"},"step":{"line":46,"prefix":"And","index":7,"text":"match response.timestamp contains '20'"}},{"result":{"nanos":0,"startTime":1725256077815,"endTime":1725256077815,"millis":0.0,"status":"skipped"},"step":{"line":47,"prefix":"And","index":8,"text":"match response.path contains '\/test\/event'"}},{"result":{"nanos":0,"startTime":1725256077815,"endTime":1725256077815,"millis":0.0,"status":"skipped"},"step":{"line":48,"prefix":"And","index":9,"text":"match response.method == 'GET'"}},{"result":{"nanos":0,"startTime":1725256077815,"endTime":1725256077815,"millis":0.0,"status":"skipped"},"step":{"line":49,"prefix":"And","index":10,"text":"match response.message == '#present'"}}],"line":52,"description":"","durationMillis":1.547513,"failed":true,"error":"http call failed after 1 milliseconds for url: \/dummy_url.base\/test\/event\/invalid\/execute\/status?file_path=%2Fnonexistent%2Ffile\norg.apache.http.ProtocolException: Target host is not specified\nsrc\/test\/java\/com\/bootexample4\/api_tests\/SwaggerJson\/test_event_trigger_id_execute_status_get.feature:33","executorName":"main","name":"Handle error responses for test execution file status","startTime":1725256077813,"refId":"[2.3:52]","endTime":1725256077815,"exampleData":{"trigger_id":"invalid","file_path":"\/nonexistent\/file","status_code":"404"},"exampleIndex":2},{"sectionIndex":1,"stepResults":[{"result":{"nanos":174462,"startTime":1725256077817,"endTime":1725256077817,"millis":0.174462,"status":"passed"},"step":{"background":true,"line":14,"prefix":"*","index":0,"text":"def urlBase = karate.properties['url.base'] || karate.get('urlBase', 'http:\/\/localhost:4010')"}},{"result":{"nanos":74318,"startTime":1725256077817,"endTime":1725256077817,"millis":0.074318,"status":"passed"},"step":{"background":true,"line":15,"prefix":"*","index":1,"text":"url urlBase"}},{"result":{"nanos":146636,"startTime":1725256077817,"endTime":1725256077817,"millis":0.146636,"status":"passed"},"step":{"background":true,"line":16,"prefix":"*","index":2,"text":"def authToken = karate.properties['AUTH_TOKEN']"}},{"result":{"nanos":50279,"startTime":1725256077818,"endTime":1725256077818,"millis":0.050279,"status":"passed"},"step":{"line":30,"prefix":"Given","index":0,"text":"path '\/test\/event', 'trig789', 'execute\/status'"}},{"result":{"nanos":911245,"startTime":1725256077818,"endTime":1725256077819,"millis":0.911245,"status":"passed"},"step":{"line":31,"prefix":"And","index":1,"text":"param file_path = '\/unauthorized\/file'"}},{"result":{"nanos":71300,"startTime":1725256077819,"endTime":1725256077819,"millis":0.0713,"status":"passed"},"step":{"line":32,"prefix":"And","index":2,"text":"header Authorization = 'Bearer ' + authToken"}},{"result":{"nanos":1510293,"errorMessage":"http call failed after 1 milliseconds for url: \/dummy_url.base\/test\/event\/trig789\/execute\/status?file_path=%2Funauthorized%2Ffile\norg.apache.http.ProtocolException: Target host is not specified\nsrc\/test\/java\/com\/bootexample4\/api_tests\/SwaggerJson\/test_event_trigger_id_execute_status_get.feature:33","startTime":1725256077819,"endTime":1725256077821,"millis":1.510293,"status":"failed"},"step":{"line":33,"prefix":"When","index":3,"text":"method GET"},"stepLog":"11:17:57.820 org.apache.http.ProtocolException: Target host is not specified, http call failed after 1 milliseconds for url: \/dummy_url.base\/test\/event\/trig789\/execute\/status?file_path=%2Funauthorized%2Ffile\n11:17:57.820 src\/test\/java\/com\/bootexample4\/api_tests\/SwaggerJson\/test_event_trigger_id_execute_status_get.feature:33\nWhen method GET\nhttp call failed after 1 milliseconds for url: \/dummy_url.base\/test\/event\/trig789\/execute\/status?file_path=%2Funauthorized%2Ffile\norg.apache.http.ProtocolException: Target host is not specified\nsrc\/test\/java\/com\/bootexample4\/api_tests\/SwaggerJson\/test_event_trigger_id_execute_status_get.feature:33\n"},{"result":{"nanos":0,"startTime":1725256077820,"endTime":1725256077820,"millis":0.0,"status":"skipped"},"step":{"line":34,"prefix":"Then","index":4,"text":"status 401"}},{"result":{"nanos":0,"startTime":1725256077820,"endTime":1725256077820,"millis":0.0,"status":"skipped"},"step":{"endLine":44,"line":35,"prefix":"And","docString":"{\n  code: '#number',\n  timestamp: '#string',\n  path: '#string',\n  method: '#string',\n  message: '#string'\n}","index":5,"text":"match response =="}},{"result":{"nanos":0,"startTime":1725256077820,"endTime":1725256077820,"millis":0.0,"status":"skipped"},"step":{"line":45,"prefix":"And","index":6,"text":"match response.code == 401"}},{"result":{"nanos":0,"startTime":1725256077820,"endTime":1725256077820,"millis":0.0,"status":"skipped"},"step":{"line":46,"prefix":"And","index":7,"text":"match response.timestamp contains '20'"}},{"result":{"nanos":0,"startTime":1725256077820,"endTime":1725256077820,"millis":0.0,"status":"skipped"},"step":{"line":47,"prefix":"And","index":8,"text":"match response.path contains '\/test\/event'"}},{"result":{"nanos":0,"startTime":1725256077820,"endTime":1725256077820,"millis":0.0,"status":"skipped"},"step":{"line":48,"prefix":"And","index":9,"text":"match response.method == 'GET'"}},{"result":{"nanos":0,"startTime":1725256077820,"endTime":1725256077820,"millis":0.0,"status":"skipped"},"step":{"line":49,"prefix":"And","index":10,"text":"match response.message == '#present'"}}],"line":52,"description":"","durationMillis":2.938533,"failed":true,"error":"http call failed after 1 milliseconds for url: \/dummy_url.base\/test\/event\/trig789\/execute\/status?file_path=%2Funauthorized%2Ffile\norg.apache.http.ProtocolException: Target host is not specified\nsrc\/test\/java\/com\/bootexample4\/api_tests\/SwaggerJson\/test_event_trigger_id_execute_status_get.feature:33","executorName":"main","name":"Handle error responses for test execution file status","startTime":1725256077817,"refId":"[2.4:52]","endTime":1725256077820,"exampleData":{"trigger_id":"trig789","file_path":"\/unauthorized\/file","status_code":"401"},"exampleIndex":3}],"callDepth":0,"name":"Test Execution File Status API","description":"","resultDate":"2024-09-02 11:17:57 AM","durationMillis":19.569253,"passedCount":0}