{"failedCount":11,"prefixedPath":"src\/test\/java\/com\/bootexample4\/api_tests\/SwaggerJson\/test_event_trigger_id_execute_report_get.feature","packageQualifiedName":"src.test.java.com.bootexample4.api_tests.SwaggerJson.test_event_trigger_id_execute_report_get","loopIndex":-1,"relativePath":"src\/test\/java\/com\/bootexample4\/api_tests\/SwaggerJson\/test_event_trigger_id_execute_report_get.feature","scenarioResults":[{"sectionIndex":0,"stepResults":[{"result":{"nanos":691646,"startTime":1725256076791,"endTime":1725256076792,"millis":0.691646,"status":"passed"},"step":{"background":true,"line":14,"prefix":"*","index":0,"text":"def urlBase = karate.properties['url.base'] || karate.get('urlBase', 'http:\/\/localhost:4010')"}},{"result":{"nanos":101368,"startTime":1725256076791,"endTime":1725256076791,"millis":0.101368,"status":"passed"},"step":{"background":true,"line":15,"prefix":"*","index":1,"text":"url urlBase"}},{"result":{"nanos":280517,"startTime":1725256076792,"endTime":1725256076792,"millis":0.280517,"status":"passed"},"step":{"background":true,"line":16,"prefix":"*","index":2,"text":"def authToken = karate.properties['AUTH_TOKEN']"}},{"result":{"nanos":370283,"startTime":1725256076792,"endTime":1725256076792,"millis":0.370283,"status":"passed"},"step":{"line":19,"prefix":"Given","index":0,"text":"path '\/test\/event', 'trig123', 'execute\/report'"}},{"result":{"nanos":231525,"startTime":1725256076792,"endTime":1725256076792,"millis":0.231525,"status":"passed"},"step":{"line":20,"prefix":"And","index":1,"text":"param file_choice = 'option1'"}},{"result":{"nanos":185087,"startTime":1725256076793,"endTime":1725256076793,"millis":0.185087,"status":"passed"},"step":{"line":21,"prefix":"And","index":2,"text":"param file_path = '\/path\/to\/file1'"}},{"result":{"nanos":87021,"startTime":1725256076793,"endTime":1725256076793,"millis":0.087021,"status":"passed"},"step":{"line":22,"prefix":"And","index":3,"text":"header Authorization = 'Bearer ' + authToken"}},{"result":{"nanos":2548206,"errorMessage":"http call failed after 2 milliseconds for url: \/dummy_url.base\/test\/event\/trig123\/execute\/report?file_path=%2Fpath%2Fto%2Ffile1&file_choice=option1\norg.apache.http.ProtocolException: Target host is not specified\nsrc\/test\/java\/com\/bootexample4\/api_tests\/SwaggerJson\/test_event_trigger_id_execute_report_get.feature:23","startTime":1725256076793,"endTime":1725256076796,"millis":2.548206,"status":"failed"},"step":{"line":23,"prefix":"When","index":4,"text":"method GET"},"stepLog":"11:17:56.795 org.apache.http.ProtocolException: Target host is not specified, http call failed after 2 milliseconds for url: \/dummy_url.base\/test\/event\/trig123\/execute\/report?file_path=%2Fpath%2Fto%2Ffile1&file_choice=option1\n11:17:56.796 src\/test\/java\/com\/bootexample4\/api_tests\/SwaggerJson\/test_event_trigger_id_execute_report_get.feature:23\nWhen method GET\nhttp call failed after 2 milliseconds for url: \/dummy_url.base\/test\/event\/trig123\/execute\/report?file_path=%2Fpath%2Fto%2Ffile1&file_choice=option1\norg.apache.http.ProtocolException: Target host is not specified\nsrc\/test\/java\/com\/bootexample4\/api_tests\/SwaggerJson\/test_event_trigger_id_execute_report_get.feature:23\n"},{"result":{"nanos":0,"startTime":1725256076796,"endTime":1725256076796,"millis":0.0,"status":"skipped"},"step":{"line":24,"prefix":"Then","index":5,"text":"status 200"}},{"result":{"nanos":0,"startTime":1725256076796,"endTime":1725256076796,"millis":0.0,"status":"skipped"},"step":{"line":25,"prefix":"And","index":6,"text":"match response == '#object'"}},{"result":{"nanos":0,"startTime":1725256076796,"endTime":1725256076796,"millis":0.0,"status":"skipped"},"step":{"line":26,"prefix":"And","index":7,"text":"match header Content-Type == 'application\/json'"}}],"line":29,"description":"","durationMillis":4.495653,"failed":true,"error":"http call failed after 2 milliseconds for url: \/dummy_url.base\/test\/event\/trig123\/execute\/report?file_path=%2Fpath%2Fto%2Ffile1&file_choice=option1\norg.apache.http.ProtocolException: Target host is not specified\nsrc\/test\/java\/com\/bootexample4\/api_tests\/SwaggerJson\/test_event_trigger_id_execute_report_get.feature:23","executorName":"main","name":"Get Test Execution Report","startTime":1725256076791,"refId":"[1.1:29]","endTime":1725256076796,"exampleData":{"trigger_id":"trig123","file_choice":"option1","file_path":"\/path\/to\/file1","status_code":"404"},"exampleIndex":0},{"sectionIndex":0,"stepResults":[{"result":{"nanos":485431,"startTime":1725256076799,"endTime":1725256076799,"millis":0.485431,"status":"passed"},"step":{"background":true,"line":14,"prefix":"*","index":0,"text":"def urlBase = karate.properties['url.base'] || karate.get('urlBase', 'http:\/\/localhost:4010')"}},{"result":{"nanos":58845,"startTime":1725256076800,"endTime":1725256076800,"millis":0.058845,"status":"passed"},"step":{"background":true,"line":15,"prefix":"*","index":1,"text":"url urlBase"}},{"result":{"nanos":195107,"startTime":1725256076800,"endTime":1725256076800,"millis":0.195107,"status":"passed"},"step":{"background":true,"line":16,"prefix":"*","index":2,"text":"def authToken = karate.properties['AUTH_TOKEN']"}},{"result":{"nanos":427992,"startTime":1725256076800,"endTime":1725256076800,"millis":0.427992,"status":"passed"},"step":{"line":19,"prefix":"Given","index":0,"text":"path '\/test\/event', 'trig456', 'execute\/report'"}},{"result":{"nanos":447872,"startTime":1725256076801,"endTime":1725256076801,"millis":0.447872,"status":"passed"},"step":{"line":20,"prefix":"And","index":1,"text":"param file_choice = 'option2'"}},{"result":{"nanos":233144,"startTime":1725256076801,"endTime":1725256076801,"millis":0.233144,"status":"passed"},"step":{"line":21,"prefix":"And","index":2,"text":"param file_path = '\/path\/to\/file2'"}},{"result":{"nanos":88169,"startTime":1725256076801,"endTime":1725256076801,"millis":0.088169,"status":"passed"},"step":{"line":22,"prefix":"And","index":3,"text":"header Authorization = 'Bearer ' + authToken"}},{"result":{"nanos":3989587,"errorMessage":"http call failed after 3 milliseconds for url: \/dummy_url.base\/test\/event\/trig456\/execute\/report?file_path=%2Fpath%2Fto%2Ffile2&file_choice=option2\norg.apache.http.ProtocolException: Target host is not specified\nsrc\/test\/java\/com\/bootexample4\/api_tests\/SwaggerJson\/test_event_trigger_id_execute_report_get.feature:23","startTime":1725256076801,"endTime":1725256076805,"millis":3.989587,"status":"failed"},"step":{"line":23,"prefix":"When","index":4,"text":"method GET"},"stepLog":"11:17:56.805 org.apache.http.ProtocolException: Target host is not specified, http call failed after 3 milliseconds for url: \/dummy_url.base\/test\/event\/trig456\/execute\/report?file_path=%2Fpath%2Fto%2Ffile2&file_choice=option2\n11:17:56.806 src\/test\/java\/com\/bootexample4\/api_tests\/SwaggerJson\/test_event_trigger_id_execute_report_get.feature:23\nWhen method GET\nhttp call failed after 3 milliseconds for url: \/dummy_url.base\/test\/event\/trig456\/execute\/report?file_path=%2Fpath%2Fto%2Ffile2&file_choice=option2\norg.apache.http.ProtocolException: Target host is not specified\nsrc\/test\/java\/com\/bootexample4\/api_tests\/SwaggerJson\/test_event_trigger_id_execute_report_get.feature:23\n"},{"result":{"nanos":0,"startTime":1725256076806,"endTime":1725256076806,"millis":0.0,"status":"skipped"},"step":{"line":24,"prefix":"Then","index":5,"text":"status 200"}},{"result":{"nanos":0,"startTime":1725256076806,"endTime":1725256076806,"millis":0.0,"status":"skipped"},"step":{"line":25,"prefix":"And","index":6,"text":"match response == '#object'"}},{"result":{"nanos":0,"startTime":1725256076806,"endTime":1725256076806,"millis":0.0,"status":"skipped"},"step":{"line":26,"prefix":"And","index":7,"text":"match header Content-Type == 'application\/json'"}}],"line":29,"description":"","durationMillis":5.926147,"failed":true,"error":"http call failed after 3 milliseconds for url: \/dummy_url.base\/test\/event\/trig456\/execute\/report?file_path=%2Fpath%2Fto%2Ffile2&file_choice=option2\norg.apache.http.ProtocolException: Target host is not specified\nsrc\/test\/java\/com\/bootexample4\/api_tests\/SwaggerJson\/test_event_trigger_id_execute_report_get.feature:23","executorName":"main","name":"Get Test Execution Report","startTime":1725256076799,"refId":"[1.2:29]","endTime":1725256076806,"exampleData":{"trigger_id":"trig456","file_choice":"option2","file_path":"\/path\/to\/file2","status_code":"400"},"exampleIndex":1},{"sectionIndex":0,"stepResults":[{"result":{"nanos":494280,"startTime":1725256076810,"endTime":1725256076810,"millis":0.49428,"status":"passed"},"step":{"background":true,"line":14,"prefix":"*","index":0,"text":"def urlBase = karate.properties['url.base'] || karate.get('urlBase', 'http:\/\/localhost:4010')"}},{"result":{"nanos":73841,"startTime":1725256076810,"endTime":1725256076810,"millis":0.073841,"status":"passed"},"step":{"background":true,"line":15,"prefix":"*","index":1,"text":"url urlBase"}},{"result":{"nanos":222132,"startTime":1725256076810,"endTime":1725256076810,"millis":0.222132,"status":"passed"},"step":{"background":true,"line":16,"prefix":"*","index":2,"text":"def authToken = karate.properties['AUTH_TOKEN']"}},{"result":{"nanos":468722,"startTime":1725256076810,"endTime":1725256076810,"millis":0.468722,"status":"passed"},"step":{"line":19,"prefix":"Given","index":0,"text":"path '\/test\/event', 'invalid', 'execute\/report'"}},{"result":{"nanos":77458,"startTime":1725256076811,"endTime":1725256076811,"millis":0.077458,"status":"passed"},"step":{"line":20,"prefix":"And","index":1,"text":"param file_choice = 'option1'"}},{"result":{"nanos":235837,"startTime":1725256076811,"endTime":1725256076811,"millis":0.235837,"status":"passed"},"step":{"line":21,"prefix":"And","index":2,"text":"param file_path = '\/path\/to\/file'"}},{"result":{"nanos":132218,"startTime":1725256076811,"endTime":1725256076811,"millis":0.132218,"status":"passed"},"step":{"line":22,"prefix":"And","index":3,"text":"header Authorization = 'Bearer ' + authToken"}},{"result":{"nanos":2947810,"errorMessage":"http call failed after 2 milliseconds for url: \/dummy_url.base\/test\/event\/invalid\/execute\/report?file_path=%2Fpath%2Fto%2Ffile&file_choice=option1\norg.apache.http.ProtocolException: Target host is not specified\nsrc\/test\/java\/com\/bootexample4\/api_tests\/SwaggerJson\/test_event_trigger_id_execute_report_get.feature:23","startTime":1725256076812,"endTime":1725256076815,"millis":2.94781,"status":"failed"},"step":{"line":23,"prefix":"When","index":4,"text":"method GET"},"stepLog":"11:17:56.814 org.apache.http.ProtocolException: Target host is not specified, http call failed after 2 milliseconds for url: \/dummy_url.base\/test\/event\/invalid\/execute\/report?file_path=%2Fpath%2Fto%2Ffile&file_choice=option1\n11:17:56.815 src\/test\/java\/com\/bootexample4\/api_tests\/SwaggerJson\/test_event_trigger_id_execute_report_get.feature:23\nWhen method GET\nhttp call failed after 2 milliseconds for url: \/dummy_url.base\/test\/event\/invalid\/execute\/report?file_path=%2Fpath%2Fto%2Ffile&file_choice=option1\norg.apache.http.ProtocolException: Target host is not specified\nsrc\/test\/java\/com\/bootexample4\/api_tests\/SwaggerJson\/test_event_trigger_id_execute_report_get.feature:23\n"},{"result":{"nanos":0,"startTime":1725256076815,"endTime":1725256076815,"millis":0.0,"status":"skipped"},"step":{"line":24,"prefix":"Then","index":5,"text":"status 200"}},{"result":{"nanos":0,"startTime":1725256076815,"endTime":1725256076815,"millis":0.0,"status":"skipped"},"step":{"line":25,"prefix":"And","index":6,"text":"match response == '#object'"}},{"result":{"nanos":0,"startTime":1725256076815,"endTime":1725256076815,"millis":0.0,"status":"skipped"},"step":{"line":26,"prefix":"And","index":7,"text":"match header Content-Type == 'application\/json'"}}],"line":29,"description":"","durationMillis":4.652298,"failed":true,"error":"http call failed after 2 milliseconds for url: \/dummy_url.base\/test\/event\/invalid\/execute\/report?file_path=%2Fpath%2Fto%2Ffile&file_choice=option1\norg.apache.http.ProtocolException: Target host is not specified\nsrc\/test\/java\/com\/bootexample4\/api_tests\/SwaggerJson\/test_event_trigger_id_execute_report_get.feature:23","executorName":"main","name":"Get Test Execution Report","startTime":1725256076809,"refId":"[1.3:29]","endTime":1725256076815,"exampleData":{"trigger_id":"invalid","file_choice":"option1","file_path":"\/path\/to\/file","status_code":"400"},"exampleIndex":2},{"sectionIndex":0,"stepResults":[{"result":{"nanos":336792,"startTime":1725256076818,"endTime":1725256076818,"millis":0.336792,"status":"passed"},"step":{"background":true,"line":14,"prefix":"*","index":0,"text":"def urlBase = karate.properties['url.base'] || karate.get('urlBase', 'http:\/\/localhost:4010')"}},{"result":{"nanos":63161,"startTime":1725256076819,"endTime":1725256076819,"millis":0.063161,"status":"passed"},"step":{"background":true,"line":15,"prefix":"*","index":1,"text":"url urlBase"}},{"result":{"nanos":381643,"startTime":1725256076819,"endTime":1725256076819,"millis":0.381643,"status":"passed"},"step":{"background":true,"line":16,"prefix":"*","index":2,"text":"def authToken = karate.properties['AUTH_TOKEN']"}},{"result":{"nanos":478825,"startTime":1725256076819,"endTime":1725256076819,"millis":0.478825,"status":"passed"},"step":{"line":19,"prefix":"Given","index":0,"text":"path '\/test\/event', 'trig789', 'execute\/report'"}},{"result":{"nanos":454164,"startTime":1725256076820,"endTime":1725256076820,"millis":0.454164,"status":"passed"},"step":{"line":20,"prefix":"And","index":1,"text":"param file_choice = 'invalid'"}},{"result":{"nanos":83781,"startTime":1725256076820,"endTime":1725256076820,"millis":0.083781,"status":"passed"},"step":{"line":21,"prefix":"And","index":2,"text":"param file_path = '\/path\/to\/file'"}},{"result":{"nanos":119198,"startTime":1725256076820,"endTime":1725256076820,"millis":0.119198,"status":"passed"},"step":{"line":22,"prefix":"And","index":3,"text":"header Authorization = 'Bearer ' + authToken"}},{"result":{"nanos":3010796,"errorMessage":"http call failed after 2 milliseconds for url: \/dummy_url.base\/test\/event\/trig789\/execute\/report?file_path=%2Fpath%2Fto%2Ffile&file_choice=invalid\norg.apache.http.ProtocolException: Target host is not specified\nsrc\/test\/java\/com\/bootexample4\/api_tests\/SwaggerJson\/test_event_trigger_id_execute_report_get.feature:23","startTime":1725256076821,"endTime":1725256076824,"millis":3.010796,"status":"failed"},"step":{"line":23,"prefix":"When","index":4,"text":"method GET"},"stepLog":"11:17:56.823 org.apache.http.ProtocolException: Target host is not specified, http call failed after 2 milliseconds for url: \/dummy_url.base\/test\/event\/trig789\/execute\/report?file_path=%2Fpath%2Fto%2Ffile&file_choice=invalid\n11:17:56.824 src\/test\/java\/com\/bootexample4\/api_tests\/SwaggerJson\/test_event_trigger_id_execute_report_get.feature:23\nWhen method GET\nhttp call failed after 2 milliseconds for url: \/dummy_url.base\/test\/event\/trig789\/execute\/report?file_path=%2Fpath%2Fto%2Ffile&file_choice=invalid\norg.apache.http.ProtocolException: Target host is not specified\nsrc\/test\/java\/com\/bootexample4\/api_tests\/SwaggerJson\/test_event_trigger_id_execute_report_get.feature:23\n"},{"result":{"nanos":0,"startTime":1725256076824,"endTime":1725256076824,"millis":0.0,"status":"skipped"},"step":{"line":24,"prefix":"Then","index":5,"text":"status 200"}},{"result":{"nanos":0,"startTime":1725256076824,"endTime":1725256076824,"millis":0.0,"status":"skipped"},"step":{"line":25,"prefix":"And","index":6,"text":"match response == '#object'"}},{"result":{"nanos":0,"startTime":1725256076824,"endTime":1725256076824,"millis":0.0,"status":"skipped"},"step":{"line":26,"prefix":"And","index":7,"text":"match header Content-Type == 'application\/json'"}}],"line":29,"description":"","durationMillis":4.92836,"failed":true,"error":"http call failed after 2 milliseconds for url: \/dummy_url.base\/test\/event\/trig789\/execute\/report?file_path=%2Fpath%2Fto%2Ffile&file_choice=invalid\norg.apache.http.ProtocolException: Target host is not specified\nsrc\/test\/java\/com\/bootexample4\/api_tests\/SwaggerJson\/test_event_trigger_id_execute_report_get.feature:23","executorName":"main","name":"Get Test Execution Report","startTime":1725256076818,"refId":"[1.4:29]","endTime":1725256076824,"exampleData":{"trigger_id":"trig789","file_choice":"invalid","file_path":"\/path\/to\/file","status_code":"400"},"exampleIndex":3},{"sectionIndex":0,"stepResults":[{"result":{"nanos":285022,"startTime":1725256076827,"endTime":1725256076827,"millis":0.285022,"status":"passed"},"step":{"background":true,"line":14,"prefix":"*","index":0,"text":"def urlBase = karate.properties['url.base'] || karate.get('urlBase', 'http:\/\/localhost:4010')"}},{"result":{"nanos":81208,"startTime":1725256076827,"endTime":1725256076827,"millis":0.081208,"status":"passed"},"step":{"background":true,"line":15,"prefix":"*","index":1,"text":"url urlBase"}},{"result":{"nanos":156413,"startTime":1725256076827,"endTime":1725256076827,"millis":0.156413,"status":"passed"},"step":{"background":true,"line":16,"prefix":"*","index":2,"text":"def authToken = karate.properties['AUTH_TOKEN']"}},{"result":{"nanos":594596,"startTime":1725256076828,"endTime":1725256076829,"millis":0.594596,"status":"passed"},"step":{"line":19,"prefix":"Given","index":0,"text":"path '\/test\/event', 'trig101', 'execute\/report'"}},{"result":{"nanos":78905,"startTime":1725256076828,"endTime":1725256076828,"millis":0.078905,"status":"passed"},"step":{"line":20,"prefix":"And","index":1,"text":"param file_choice = 'option2'"}},{"result":{"nanos":651977,"startTime":1725256076828,"endTime":1725256076829,"millis":0.651977,"status":"passed"},"step":{"line":21,"prefix":"And","index":2,"text":"param file_path = '\/invalid\/path'"}},{"result":{"nanos":90457,"startTime":1725256076829,"endTime":1725256076829,"millis":0.090457,"status":"passed"},"step":{"line":22,"prefix":"And","index":3,"text":"header Authorization = 'Bearer ' + authToken"}},{"result":{"nanos":3142068,"errorMessage":"http call failed after 3 milliseconds for url: \/dummy_url.base\/test\/event\/trig101\/execute\/report?file_path=%2Finvalid%2Fpath&file_choice=option2\norg.apache.http.ProtocolException: Target host is not specified\nsrc\/test\/java\/com\/bootexample4\/api_tests\/SwaggerJson\/test_event_trigger_id_execute_report_get.feature:23","startTime":1725256076829,"endTime":1725256076832,"millis":3.142068,"status":"failed"},"step":{"line":23,"prefix":"When","index":4,"text":"method GET"},"stepLog":"11:17:56.832 org.apache.http.ProtocolException: Target host is not specified, http call failed after 3 milliseconds for url: \/dummy_url.base\/test\/event\/trig101\/execute\/report?file_path=%2Finvalid%2Fpath&file_choice=option2\n11:17:56.833 src\/test\/java\/com\/bootexample4\/api_tests\/SwaggerJson\/test_event_trigger_id_execute_report_get.feature:23\nWhen method GET\nhttp call failed after 3 milliseconds for url: \/dummy_url.base\/test\/event\/trig101\/execute\/report?file_path=%2Finvalid%2Fpath&file_choice=option2\norg.apache.http.ProtocolException: Target host is not specified\nsrc\/test\/java\/com\/bootexample4\/api_tests\/SwaggerJson\/test_event_trigger_id_execute_report_get.feature:23\n"},{"result":{"nanos":0,"startTime":1725256076833,"endTime":1725256076833,"millis":0.0,"status":"skipped"},"step":{"line":24,"prefix":"Then","index":5,"text":"status 200"}},{"result":{"nanos":0,"startTime":1725256076833,"endTime":1725256076833,"millis":0.0,"status":"skipped"},"step":{"line":25,"prefix":"And","index":6,"text":"match response == '#object'"}},{"result":{"nanos":0,"startTime":1725256076833,"endTime":1725256076833,"millis":0.0,"status":"skipped"},"step":{"line":26,"prefix":"And","index":7,"text":"match header Content-Type == 'application\/json'"}}],"line":29,"description":"","durationMillis":5.080646,"failed":true,"error":"http call failed after 3 milliseconds for url: \/dummy_url.base\/test\/event\/trig101\/execute\/report?file_path=%2Finvalid%2Fpath&file_choice=option2\norg.apache.http.ProtocolException: Target host is not specified\nsrc\/test\/java\/com\/bootexample4\/api_tests\/SwaggerJson\/test_event_trigger_id_execute_report_get.feature:23","executorName":"main","name":"Get Test Execution Report","startTime":1725256076827,"refId":"[1.5:29]","endTime":1725256076833,"exampleData":{"trigger_id":"trig101","file_choice":"option2","file_path":"\/invalid\/path","status_code":"400"},"exampleIndex":4},{"sectionIndex":1,"stepResults":[{"result":{"nanos":2039027,"startTime":1725256076850,"endTime":1725256076852,"millis":2.039027,"status":"passed"},"step":{"background":true,"line":14,"prefix":"*","index":0,"text":"def urlBase = karate.properties['url.base'] || karate.get('urlBase', 'http:\/\/localhost:4010')"}},{"result":{"nanos":98625,"startTime":1725256076852,"endTime":1725256076852,"millis":0.098625,"status":"passed"},"step":{"background":true,"line":15,"prefix":"*","index":1,"text":"url urlBase"}},{"result":{"nanos":782660,"startTime":1725256076852,"endTime":1725256076853,"millis":0.78266,"status":"passed"},"step":{"background":true,"line":16,"prefix":"*","index":2,"text":"def authToken = karate.properties['AUTH_TOKEN']"}},{"result":{"nanos":370371,"startTime":1725256076853,"endTime":1725256076853,"millis":0.370371,"status":"passed"},"step":{"line":32,"prefix":"Given","index":0,"text":"path '\/test\/event', 'trig123', 'execute\/report'"}},{"result":{"nanos":274067,"startTime":1725256076853,"endTime":1725256076853,"millis":0.274067,"status":"passed"},"step":{"line":33,"prefix":"And","index":1,"text":"param file_choice = 'option1'"}},{"result":{"nanos":176440,"startTime":1725256076853,"endTime":1725256076853,"millis":0.17644,"status":"passed"},"step":{"line":34,"prefix":"And","index":2,"text":"param file_path = '\/path\/to\/file1'"}},{"result":{"nanos":362984,"startTime":1725256076854,"endTime":1725256076854,"millis":0.362984,"status":"passed"},"step":{"line":35,"prefix":"And","index":3,"text":"header Authorization = 'Bearer ' + authToken"}},{"result":{"nanos":2789657,"errorMessage":"http call failed after 2 milliseconds for url: \/dummy_url.base\/test\/event\/trig123\/execute\/report?file_path=%2Fpath%2Fto%2Ffile1&file_choice=option1\norg.apache.http.ProtocolException: Target host is not specified\nsrc\/test\/java\/com\/bootexample4\/api_tests\/SwaggerJson\/test_event_trigger_id_execute_report_get.feature:36","startTime":1725256076854,"endTime":1725256076857,"millis":2.789657,"status":"failed"},"step":{"line":36,"prefix":"When","index":4,"text":"method GET"},"stepLog":"11:17:56.856 org.apache.http.ProtocolException: Target host is not specified, http call failed after 2 milliseconds for url: \/dummy_url.base\/test\/event\/trig123\/execute\/report?file_path=%2Fpath%2Fto%2Ffile1&file_choice=option1\n11:17:56.857 src\/test\/java\/com\/bootexample4\/api_tests\/SwaggerJson\/test_event_trigger_id_execute_report_get.feature:36\nWhen method GET\nhttp call failed after 2 milliseconds for url: \/dummy_url.base\/test\/event\/trig123\/execute\/report?file_path=%2Fpath%2Fto%2Ffile1&file_choice=option1\norg.apache.http.ProtocolException: Target host is not specified\nsrc\/test\/java\/com\/bootexample4\/api_tests\/SwaggerJson\/test_event_trigger_id_execute_report_get.feature:36\n"},{"result":{"nanos":0,"startTime":1725256076857,"endTime":1725256076857,"millis":0.0,"status":"skipped"},"step":{"line":37,"prefix":"Then","index":5,"text":"status 404"}},{"result":{"nanos":0,"startTime":1725256076857,"endTime":1725256076857,"millis":0.0,"status":"skipped"},"step":{"endLine":47,"line":38,"prefix":"And","docString":"{\n  code: '#number',\n  timestamp: '#string',\n  path: '#string',\n  method: '#string',\n  message: '#string'\n}","index":6,"text":"match response =="}},{"result":{"nanos":0,"startTime":1725256076857,"endTime":1725256076857,"millis":0.0,"status":"skipped"},"step":{"line":48,"prefix":"And","index":7,"text":"match response.code == 404"}},{"result":{"nanos":0,"startTime":1725256076857,"endTime":1725256076857,"millis":0.0,"status":"skipped"},"step":{"line":49,"prefix":"And","index":8,"text":"match response.path contains '\/test\/event'"}},{"result":{"nanos":0,"startTime":1725256076857,"endTime":1725256076857,"millis":0.0,"status":"skipped"},"step":{"line":50,"prefix":"And","index":9,"text":"match response.method == 'GET'"}}],"line":53,"description":"","durationMillis":6.893831,"failed":true,"error":"http call failed after 2 milliseconds for url: \/dummy_url.base\/test\/event\/trig123\/execute\/report?file_path=%2Fpath%2Fto%2Ffile1&file_choice=option1\norg.apache.http.ProtocolException: Target host is not specified\nsrc\/test\/java\/com\/bootexample4\/api_tests\/SwaggerJson\/test_event_trigger_id_execute_report_get.feature:36","executorName":"main","name":"Test Execution Report - Error Responses","startTime":1725256076839,"refId":"[2.1:53]","endTime":1725256076857,"exampleData":{"trigger_id":"trig123","file_choice":"option1","file_path":"\/path\/to\/file1","status_code":"404"},"exampleIndex":0},{"sectionIndex":1,"stepResults":[{"result":{"nanos":489971,"startTime":1725256076861,"endTime":1725256076861,"millis":0.489971,"status":"passed"},"step":{"background":true,"line":14,"prefix":"*","index":0,"text":"def urlBase = karate.properties['url.base'] || karate.get('urlBase', 'http:\/\/localhost:4010')"}},{"result":{"nanos":59066,"startTime":1725256076861,"endTime":1725256076861,"millis":0.059066,"status":"passed"},"step":{"background":true,"line":15,"prefix":"*","index":1,"text":"url urlBase"}},{"result":{"nanos":231485,"startTime":1725256076861,"endTime":1725256076861,"millis":0.231485,"status":"passed"},"step":{"background":true,"line":16,"prefix":"*","index":2,"text":"def authToken = karate.properties['AUTH_TOKEN']"}},{"result":{"nanos":704914,"startTime":1725256076862,"endTime":1725256076863,"millis":0.704914,"status":"passed"},"step":{"line":32,"prefix":"Given","index":0,"text":"path '\/test\/event', 'trig456', 'execute\/report'"}},{"result":{"nanos":330244,"startTime":1725256076862,"endTime":1725256076862,"millis":0.330244,"status":"passed"},"step":{"line":33,"prefix":"And","index":1,"text":"param file_choice = 'option2'"}},{"result":{"nanos":434337,"startTime":1725256076863,"endTime":1725256076863,"millis":0.434337,"status":"passed"},"step":{"line":34,"prefix":"And","index":2,"text":"param file_path = '\/path\/to\/file2'"}},{"result":{"nanos":150274,"startTime":1725256076863,"endTime":1725256076863,"millis":0.150274,"status":"passed"},"step":{"line":35,"prefix":"And","index":3,"text":"header Authorization = 'Bearer ' + authToken"}},{"result":{"nanos":2941627,"errorMessage":"http call failed after 1 milliseconds for url: \/dummy_url.base\/test\/event\/trig456\/execute\/report?file_path=%2Fpath%2Fto%2Ffile2&file_choice=option2\norg.apache.http.ProtocolException: Target host is not specified\nsrc\/test\/java\/com\/bootexample4\/api_tests\/SwaggerJson\/test_event_trigger_id_execute_report_get.feature:36","startTime":1725256076863,"endTime":1725256076866,"millis":2.941627,"status":"failed"},"step":{"line":36,"prefix":"When","index":4,"text":"method GET"},"stepLog":"11:17:56.865 org.apache.http.ProtocolException: Target host is not specified, http call failed after 1 milliseconds for url: \/dummy_url.base\/test\/event\/trig456\/execute\/report?file_path=%2Fpath%2Fto%2Ffile2&file_choice=option2\n11:17:56.867 src\/test\/java\/com\/bootexample4\/api_tests\/SwaggerJson\/test_event_trigger_id_execute_report_get.feature:36\nWhen method GET\nhttp call failed after 1 milliseconds for url: \/dummy_url.base\/test\/event\/trig456\/execute\/report?file_path=%2Fpath%2Fto%2Ffile2&file_choice=option2\norg.apache.http.ProtocolException: Target host is not specified\nsrc\/test\/java\/com\/bootexample4\/api_tests\/SwaggerJson\/test_event_trigger_id_execute_report_get.feature:36\n"},{"result":{"nanos":0,"startTime":1725256076867,"endTime":1725256076867,"millis":0.0,"status":"skipped"},"step":{"line":37,"prefix":"Then","index":5,"text":"status 400"}},{"result":{"nanos":0,"startTime":1725256076867,"endTime":1725256076867,"millis":0.0,"status":"skipped"},"step":{"endLine":47,"line":38,"prefix":"And","docString":"{\n  code: '#number',\n  timestamp: '#string',\n  path: '#string',\n  method: '#string',\n  message: '#string'\n}","index":6,"text":"match response =="}},{"result":{"nanos":0,"startTime":1725256076867,"endTime":1725256076867,"millis":0.0,"status":"skipped"},"step":{"line":48,"prefix":"And","index":7,"text":"match response.code == 400"}},{"result":{"nanos":0,"startTime":1725256076867,"endTime":1725256076867,"millis":0.0,"status":"skipped"},"step":{"line":49,"prefix":"And","index":8,"text":"match response.path contains '\/test\/event'"}},{"result":{"nanos":0,"startTime":1725256076867,"endTime":1725256076867,"millis":0.0,"status":"skipped"},"step":{"line":50,"prefix":"And","index":9,"text":"match response.method == 'GET'"}}],"line":53,"description":"","durationMillis":5.341918,"failed":true,"error":"http call failed after 1 milliseconds for url: \/dummy_url.base\/test\/event\/trig456\/execute\/report?file_path=%2Fpath%2Fto%2Ffile2&file_choice=option2\norg.apache.http.ProtocolException: Target host is not specified\nsrc\/test\/java\/com\/bootexample4\/api_tests\/SwaggerJson\/test_event_trigger_id_execute_report_get.feature:36","executorName":"main","name":"Test Execution Report - Error Responses","startTime":1725256076861,"refId":"[2.2:53]","endTime":1725256076867,"exampleData":{"trigger_id":"trig456","file_choice":"option2","file_path":"\/path\/to\/file2","status_code":"400"},"exampleIndex":1},{"sectionIndex":1,"stepResults":[{"result":{"nanos":294947,"startTime":1725256076870,"endTime":1725256076870,"millis":0.294947,"status":"passed"},"step":{"background":true,"line":14,"prefix":"*","index":0,"text":"def urlBase = karate.properties['url.base'] || karate.get('urlBase', 'http:\/\/localhost:4010')"}},{"result":{"nanos":58370,"startTime":1725256076871,"endTime":1725256076871,"millis":0.05837,"status":"passed"},"step":{"background":true,"line":15,"prefix":"*","index":1,"text":"url urlBase"}},{"result":{"nanos":186736,"startTime":1725256076871,"endTime":1725256076871,"millis":0.186736,"status":"passed"},"step":{"background":true,"line":16,"prefix":"*","index":2,"text":"def authToken = karate.properties['AUTH_TOKEN']"}},{"result":{"nanos":395528,"startTime":1725256076871,"endTime":1725256076871,"millis":0.395528,"status":"passed"},"step":{"line":32,"prefix":"Given","index":0,"text":"path '\/test\/event', 'invalid', 'execute\/report'"}},{"result":{"nanos":69502,"startTime":1725256076872,"endTime":1725256076872,"millis":0.069502,"status":"passed"},"step":{"line":33,"prefix":"And","index":1,"text":"param file_choice = 'option1'"}},{"result":{"nanos":604254,"startTime":1725256076872,"endTime":1725256076873,"millis":0.604254,"status":"passed"},"step":{"line":34,"prefix":"And","index":2,"text":"param file_path = '\/path\/to\/file'"}},{"result":{"nanos":81165,"startTime":1725256076872,"endTime":1725256076872,"millis":0.081165,"status":"passed"},"step":{"line":35,"prefix":"And","index":3,"text":"header Authorization = 'Bearer ' + authToken"}},{"result":{"nanos":2627520,"errorMessage":"http call failed after 2 milliseconds for url: \/dummy_url.base\/test\/event\/invalid\/execute\/report?file_path=%2Fpath%2Fto%2Ffile&file_choice=option1\norg.apache.http.ProtocolException: Target host is not specified\nsrc\/test\/java\/com\/bootexample4\/api_tests\/SwaggerJson\/test_event_trigger_id_execute_report_get.feature:36","startTime":1725256076872,"endTime":1725256076875,"millis":2.62752,"status":"failed"},"step":{"line":36,"prefix":"When","index":4,"text":"method GET"},"stepLog":"11:17:56.875 org.apache.http.ProtocolException: Target host is not specified, http call failed after 2 milliseconds for url: \/dummy_url.base\/test\/event\/invalid\/execute\/report?file_path=%2Fpath%2Fto%2Ffile&file_choice=option1\n11:17:56.875 src\/test\/java\/com\/bootexample4\/api_tests\/SwaggerJson\/test_event_trigger_id_execute_report_get.feature:36\nWhen method GET\nhttp call failed after 2 milliseconds for url: \/dummy_url.base\/test\/event\/invalid\/execute\/report?file_path=%2Fpath%2Fto%2Ffile&file_choice=option1\norg.apache.http.ProtocolException: Target host is not specified\nsrc\/test\/java\/com\/bootexample4\/api_tests\/SwaggerJson\/test_event_trigger_id_execute_report_get.feature:36\n"},{"result":{"nanos":0,"startTime":1725256076875,"endTime":1725256076875,"millis":0.0,"status":"skipped"},"step":{"line":37,"prefix":"Then","index":5,"text":"status 400"}},{"result":{"nanos":0,"startTime":1725256076875,"endTime":1725256076875,"millis":0.0,"status":"skipped"},"step":{"endLine":47,"line":38,"prefix":"And","docString":"{\n  code: '#number',\n  timestamp: '#string',\n  path: '#string',\n  method: '#string',\n  message: '#string'\n}","index":6,"text":"match response =="}},{"result":{"nanos":0,"startTime":1725256076875,"endTime":1725256076875,"millis":0.0,"status":"skipped"},"step":{"line":48,"prefix":"And","index":7,"text":"match response.code == 400"}},{"result":{"nanos":0,"startTime":1725256076875,"endTime":1725256076875,"millis":0.0,"status":"skipped"},"step":{"line":49,"prefix":"And","index":8,"text":"match response.path contains '\/test\/event'"}},{"result":{"nanos":0,"startTime":1725256076875,"endTime":1725256076875,"millis":0.0,"status":"skipped"},"step":{"line":50,"prefix":"And","index":9,"text":"match response.method == 'GET'"}}],"line":53,"description":"","durationMillis":4.318022,"failed":true,"error":"http call failed after 2 milliseconds for url: \/dummy_url.base\/test\/event\/invalid\/execute\/report?file_path=%2Fpath%2Fto%2Ffile&file_choice=option1\norg.apache.http.ProtocolException: Target host is not specified\nsrc\/test\/java\/com\/bootexample4\/api_tests\/SwaggerJson\/test_event_trigger_id_execute_report_get.feature:36","executorName":"main","name":"Test Execution Report - Error Responses","startTime":1725256076870,"refId":"[2.3:53]","endTime":1725256076875,"exampleData":{"trigger_id":"invalid","file_choice":"option1","file_path":"\/path\/to\/file","status_code":"400"},"exampleIndex":2},{"sectionIndex":1,"stepResults":[{"result":{"nanos":230394,"startTime":1725256076879,"endTime":1725256076879,"millis":0.230394,"status":"passed"},"step":{"background":true,"line":14,"prefix":"*","index":0,"text":"def urlBase = karate.properties['url.base'] || karate.get('urlBase', 'http:\/\/localhost:4010')"}},{"result":{"nanos":184943,"startTime":1725256076879,"endTime":1725256076879,"millis":0.184943,"status":"passed"},"step":{"background":true,"line":15,"prefix":"*","index":1,"text":"url urlBase"}},{"result":{"nanos":333323,"startTime":1725256076879,"endTime":1725256076879,"millis":0.333323,"status":"passed"},"step":{"background":true,"line":16,"prefix":"*","index":2,"text":"def authToken = karate.properties['AUTH_TOKEN']"}},{"result":{"nanos":957274,"startTime":1725256076879,"endTime":1725256076880,"millis":0.957274,"status":"passed"},"step":{"line":32,"prefix":"Given","index":0,"text":"path '\/test\/event', 'trig789', 'execute\/report'"}},{"result":{"nanos":300165,"startTime":1725256076880,"endTime":1725256076880,"millis":0.300165,"status":"passed"},"step":{"line":33,"prefix":"And","index":1,"text":"param file_choice = 'invalid'"}},{"result":{"nanos":62532,"startTime":1725256076881,"endTime":1725256076881,"millis":0.062532,"status":"passed"},"step":{"line":34,"prefix":"And","index":2,"text":"param file_path = '\/path\/to\/file'"}},{"result":{"nanos":159590,"startTime":1725256076881,"endTime":1725256076881,"millis":0.15959,"status":"passed"},"step":{"line":35,"prefix":"And","index":3,"text":"header Authorization = 'Bearer ' + authToken"}},{"result":{"nanos":2601470,"errorMessage":"http call failed after 2 milliseconds for url: \/dummy_url.base\/test\/event\/trig789\/execute\/report?file_path=%2Fpath%2Fto%2Ffile&file_choice=invalid\norg.apache.http.ProtocolException: Target host is not specified\nsrc\/test\/java\/com\/bootexample4\/api_tests\/SwaggerJson\/test_event_trigger_id_execute_report_get.feature:36","startTime":1725256076881,"endTime":1725256076884,"millis":2.60147,"status":"failed"},"step":{"line":36,"prefix":"When","index":4,"text":"method GET"},"stepLog":"11:17:56.883 org.apache.http.ProtocolException: Target host is not specified, http call failed after 2 milliseconds for url: \/dummy_url.base\/test\/event\/trig789\/execute\/report?file_path=%2Fpath%2Fto%2Ffile&file_choice=invalid\n11:17:56.884 src\/test\/java\/com\/bootexample4\/api_tests\/SwaggerJson\/test_event_trigger_id_execute_report_get.feature:36\nWhen method GET\nhttp call failed after 2 milliseconds for url: \/dummy_url.base\/test\/event\/trig789\/execute\/report?file_path=%2Fpath%2Fto%2Ffile&file_choice=invalid\norg.apache.http.ProtocolException: Target host is not specified\nsrc\/test\/java\/com\/bootexample4\/api_tests\/SwaggerJson\/test_event_trigger_id_execute_report_get.feature:36\n"},{"result":{"nanos":0,"startTime":1725256076884,"endTime":1725256076884,"millis":0.0,"status":"skipped"},"step":{"line":37,"prefix":"Then","index":5,"text":"status 400"}},{"result":{"nanos":0,"startTime":1725256076884,"endTime":1725256076884,"millis":0.0,"status":"skipped"},"step":{"endLine":47,"line":38,"prefix":"And","docString":"{\n  code: '#number',\n  timestamp: '#string',\n  path: '#string',\n  method: '#string',\n  message: '#string'\n}","index":6,"text":"match response =="}},{"result":{"nanos":0,"startTime":1725256076884,"endTime":1725256076884,"millis":0.0,"status":"skipped"},"step":{"line":48,"prefix":"And","index":7,"text":"match response.code == 400"}},{"result":{"nanos":0,"startTime":1725256076884,"endTime":1725256076884,"millis":0.0,"status":"skipped"},"step":{"line":49,"prefix":"And","index":8,"text":"match response.path contains '\/test\/event'"}},{"result":{"nanos":0,"startTime":1725256076884,"endTime":1725256076884,"millis":0.0,"status":"skipped"},"step":{"line":50,"prefix":"And","index":9,"text":"match response.method == 'GET'"}}],"line":53,"description":"","durationMillis":4.829691,"failed":true,"error":"http call failed after 2 milliseconds for url: \/dummy_url.base\/test\/event\/trig789\/execute\/report?file_path=%2Fpath%2Fto%2Ffile&file_choice=invalid\norg.apache.http.ProtocolException: Target host is not specified\nsrc\/test\/java\/com\/bootexample4\/api_tests\/SwaggerJson\/test_event_trigger_id_execute_report_get.feature:36","executorName":"main","name":"Test Execution Report - Error Responses","startTime":1725256076878,"refId":"[2.4:53]","endTime":1725256076884,"exampleData":{"trigger_id":"trig789","file_choice":"invalid","file_path":"\/path\/to\/file","status_code":"400"},"exampleIndex":3},{"sectionIndex":1,"stepResults":[{"result":{"nanos":439133,"startTime":1725256076887,"endTime":1725256076887,"millis":0.439133,"status":"passed"},"step":{"background":true,"line":14,"prefix":"*","index":0,"text":"def urlBase = karate.properties['url.base'] || karate.get('urlBase', 'http:\/\/localhost:4010')"}},{"result":{"nanos":89519,"startTime":1725256076887,"endTime":1725256076887,"millis":0.089519,"status":"passed"},"step":{"background":true,"line":15,"prefix":"*","index":1,"text":"url urlBase"}},{"result":{"nanos":240344,"startTime":1725256076888,"endTime":1725256076888,"millis":0.240344,"status":"passed"},"step":{"background":true,"line":16,"prefix":"*","index":2,"text":"def authToken = karate.properties['AUTH_TOKEN']"}},{"result":{"nanos":462882,"startTime":1725256076888,"endTime":1725256076888,"millis":0.462882,"status":"passed"},"step":{"line":32,"prefix":"Given","index":0,"text":"path '\/test\/event', 'trig101', 'execute\/report'"}},{"result":{"nanos":77487,"startTime":1725256076888,"endTime":1725256076888,"millis":0.077487,"status":"passed"},"step":{"line":33,"prefix":"And","index":1,"text":"param file_choice = 'option2'"}},{"result":{"nanos":200516,"startTime":1725256076888,"endTime":1725256076888,"millis":0.200516,"status":"passed"},"step":{"line":34,"prefix":"And","index":2,"text":"param file_path = '\/invalid\/path'"}},{"result":{"nanos":73456,"startTime":1725256076889,"endTime":1725256076889,"millis":0.073456,"status":"passed"},"step":{"line":35,"prefix":"And","index":3,"text":"header Authorization = 'Bearer ' + authToken"}},{"result":{"nanos":2707666,"errorMessage":"http call failed after 2 milliseconds for url: \/dummy_url.base\/test\/event\/trig101\/execute\/report?file_path=%2Finvalid%2Fpath&file_choice=option2\norg.apache.http.ProtocolException: Target host is not specified\nsrc\/test\/java\/com\/bootexample4\/api_tests\/SwaggerJson\/test_event_trigger_id_execute_report_get.feature:36","startTime":1725256076889,"endTime":1725256076892,"millis":2.707666,"status":"failed"},"step":{"line":36,"prefix":"When","index":4,"text":"method GET"},"stepLog":"11:17:56.891 org.apache.http.ProtocolException: Target host is not specified, http call failed after 2 milliseconds for url: \/dummy_url.base\/test\/event\/trig101\/execute\/report?file_path=%2Finvalid%2Fpath&file_choice=option2\n11:17:56.892 src\/test\/java\/com\/bootexample4\/api_tests\/SwaggerJson\/test_event_trigger_id_execute_report_get.feature:36\nWhen method GET\nhttp call failed after 2 milliseconds for url: \/dummy_url.base\/test\/event\/trig101\/execute\/report?file_path=%2Finvalid%2Fpath&file_choice=option2\norg.apache.http.ProtocolException: Target host is not specified\nsrc\/test\/java\/com\/bootexample4\/api_tests\/SwaggerJson\/test_event_trigger_id_execute_report_get.feature:36\n"},{"result":{"nanos":0,"startTime":1725256076892,"endTime":1725256076892,"millis":0.0,"status":"skipped"},"step":{"line":37,"prefix":"Then","index":5,"text":"status 400"}},{"result":{"nanos":0,"startTime":1725256076892,"endTime":1725256076892,"millis":0.0,"status":"skipped"},"step":{"endLine":47,"line":38,"prefix":"And","docString":"{\n  code: '#number',\n  timestamp: '#string',\n  path: '#string',\n  method: '#string',\n  message: '#string'\n}","index":6,"text":"match response =="}},{"result":{"nanos":0,"startTime":1725256076892,"endTime":1725256076892,"millis":0.0,"status":"skipped"},"step":{"line":48,"prefix":"And","index":7,"text":"match response.code == 400"}},{"result":{"nanos":0,"startTime":1725256076892,"endTime":1725256076892,"millis":0.0,"status":"skipped"},"step":{"line":49,"prefix":"And","index":8,"text":"match response.path contains '\/test\/event'"}},{"result":{"nanos":0,"startTime":1725256076892,"endTime":1725256076892,"millis":0.0,"status":"skipped"},"step":{"line":50,"prefix":"And","index":9,"text":"match response.method == 'GET'"}}],"line":53,"description":"","durationMillis":4.291003,"failed":true,"error":"http call failed after 2 milliseconds for url: \/dummy_url.base\/test\/event\/trig101\/execute\/report?file_path=%2Finvalid%2Fpath&file_choice=option2\norg.apache.http.ProtocolException: Target host is not specified\nsrc\/test\/java\/com\/bootexample4\/api_tests\/SwaggerJson\/test_event_trigger_id_execute_report_get.feature:36","executorName":"main","name":"Test Execution Report - Error Responses","startTime":1725256076887,"refId":"[2.5:53]","endTime":1725256076892,"exampleData":{"trigger_id":"trig101","file_choice":"option2","file_path":"\/invalid\/path","status_code":"400"},"exampleIndex":4},{"sectionIndex":2,"stepResults":[{"result":{"nanos":284946,"startTime":1725256076894,"endTime":1725256076894,"millis":0.284946,"status":"passed"},"step":{"background":true,"line":14,"prefix":"*","index":0,"text":"def urlBase = karate.properties['url.base'] || karate.get('urlBase', 'http:\/\/localhost:4010')"}},{"result":{"nanos":56700,"startTime":1725256076894,"endTime":1725256076894,"millis":0.0567,"status":"passed"},"step":{"background":true,"line":15,"prefix":"*","index":1,"text":"url urlBase"}},{"result":{"nanos":244116,"startTime":1725256076894,"endTime":1725256076894,"millis":0.244116,"status":"passed"},"step":{"background":true,"line":16,"prefix":"*","index":2,"text":"def authToken = karate.properties['AUTH_TOKEN']"}},{"result":{"nanos":236940,"startTime":1725256076895,"endTime":1725256076895,"millis":0.23694,"status":"passed"},"step":{"line":56,"prefix":"Given","index":0,"text":"path '\/test\/event', 'trig123', 'execute\/report'"}},{"result":{"nanos":96081,"startTime":1725256076895,"endTime":1725256076895,"millis":0.096081,"status":"passed"},"step":{"line":57,"prefix":"And","index":1,"text":"header Authorization = 'Bearer ' + authToken"}},{"result":{"nanos":2916676,"errorMessage":"http call failed after 2 milliseconds for url: \/dummy_url.base\/test\/event\/trig123\/execute\/report\norg.apache.http.ProtocolException: Target host is not specified\nsrc\/test\/java\/com\/bootexample4\/api_tests\/SwaggerJson\/test_event_trigger_id_execute_report_get.feature:58","startTime":1725256076895,"endTime":1725256076898,"millis":2.916676,"status":"failed"},"step":{"line":58,"prefix":"When","index":2,"text":"method GET"},"stepLog":"11:17:56.898 org.apache.http.ProtocolException: Target host is not specified, http call failed after 2 milliseconds for url: \/dummy_url.base\/test\/event\/trig123\/execute\/report\n11:17:56.898 src\/test\/java\/com\/bootexample4\/api_tests\/SwaggerJson\/test_event_trigger_id_execute_report_get.feature:58\nWhen method GET\nhttp call failed after 2 milliseconds for url: \/dummy_url.base\/test\/event\/trig123\/execute\/report\norg.apache.http.ProtocolException: Target host is not specified\nsrc\/test\/java\/com\/bootexample4\/api_tests\/SwaggerJson\/test_event_trigger_id_execute_report_get.feature:58\n"},{"result":{"nanos":0,"startTime":1725256076898,"endTime":1725256076898,"millis":0.0,"status":"skipped"},"step":{"line":59,"prefix":"Then","index":3,"text":"status 400"}},{"result":{"nanos":0,"startTime":1725256076898,"endTime":1725256076898,"millis":0.0,"status":"skipped"},"step":{"endLine":69,"line":60,"prefix":"And","docString":"{\n  code: '#number',\n  timestamp: '#string',\n  path: '#string',\n  method: '#string',\n  message: '#string'\n}","index":4,"text":"match response =="}},{"result":{"nanos":0,"startTime":1725256076898,"endTime":1725256076898,"millis":0.0,"status":"skipped"},"step":{"line":70,"prefix":"And","index":5,"text":"match response.code == 400"}},{"result":{"nanos":0,"startTime":1725256076898,"endTime":1725256076898,"millis":0.0,"status":"skipped"},"step":{"line":71,"prefix":"And","index":6,"text":"match response.path contains '\/test\/event'"}},{"result":{"nanos":0,"startTime":1725256076898,"endTime":1725256076898,"millis":0.0,"status":"skipped"},"step":{"line":72,"prefix":"And","index":7,"text":"match response.method == 'GET'"}}],"line":55,"description":"","durationMillis":3.835459,"failed":true,"error":"http call failed after 2 milliseconds for url: \/dummy_url.base\/test\/event\/trig123\/execute\/report\norg.apache.http.ProtocolException: Target host is not specified\nsrc\/test\/java\/com\/bootexample4\/api_tests\/SwaggerJson\/test_event_trigger_id_execute_report_get.feature:58","executorName":"main","name":"Test Execution Report - Missing Required Parameters","startTime":1725256076894,"refId":"[3:55]","endTime":1725256076898,"exampleIndex":-1}],"callDepth":0,"name":"Test Execution Report API","description":"","resultDate":"2024-09-02 11:17:56 AM","durationMillis":54.593028,"passedCount":0}